09/09/2025,12:59:44,20250909 87-35 REPRINT,,60101,Log File Created
09/09/2025,12:59:44,20250909 87-35 REPRINT,,60104,Software Version,2.1.20079.01
09/09/2025,12:59:44,20250909 87-35 REPRINT,,60105,Console Version,10.2.20286.1
09/09/2025,12:59:44,20250909 87-35 REPRINT,,60106,Controller Version,24.00.20200916
09/09/2025,12:59:44,20250909 87-35 REPRINT,,60107,User Name,Canterbury
09/09/2025,12:59:44,20250909 87-35 REPRINT,,60108,Computer Name,DESKTOP-FOFC6BR
09/09/2025,12:59:44,20250909 87-35 REPRINT,,60109,System Name,
09/09/2025,12:59:44,20250909 87-35 REPRINT,,60110,Frame Serial Number (System ID),E3BMTB23326
09/09/2025,12:59:48,20250909 87-35 REPRINT,Test1,60110,Test Started
09/09/2025,12:59:48,20250909 87-35 REPRINT,Test1,60300,Tuning Settings (Linear) - Load String Stiffness(N/mm) = 116.972
09/09/2025,12:59:48,20250909 87-35 REPRINT,Test1,60300,Tuning Settings (Linear:Position) - Stiffness Based Tuning state = FixedTuning  
09/09/2025,12:59:48,20250909 87-35 REPRINT,Test1,60300,Tuning Settings (Linear:Load) - Stiffness Based Tuning state = AutoTuned  : Optimized Gain(dB) = 0.0 
09/09/2025,12:59:48,20250909 87-35 REPRINT,Test1,60300,Tuning Settings (Linear:Digital Position) - Stiffness Based Tuning state = AutoTuned  : Optimized Gain(dB) = 0.0 
09/09/2025,13:16:44,20250909 87-35 REPRINT,Test1,60205,Test Status,Test Ended by User
09/09/2025,13:16:44,20250909 87-35 REPRINT,Test1,60120,Total Time,1015.807
09/09/2025,13:16:44,20250909 87-35 REPRINT,Test1,60121,Total Cycle Count(Linear Waveform),1000
09/09/2025,13:16:44,20250909 87-35 REPRINT,Test1,60122,Step,4,Step 4
09/09/2025,13:16:44,20250909 87-35 REPRINT,Test1,60123,Loop 1,1
09/09/2025,13:16:44,20250909 87-35 REPRINT,Test1,62000,SHA-256,Test1.steps.tracking.csv,45CF33B79D8D7D78D24BA998E749F91BC56235F68E228C8E42F57C48FE1D5A97
09/09/2025,13:16:44,20250909 87-35 REPRINT,Test1,62000,SHA-256,Test1.steps.trends.csv,37E2FBCD8B414D950C9D76A50EF71F69C1462DB8840AEDFCCA8BC50547876430
09/09/2025,13:16:44,20250909 87-35 REPRINT,Test1,62000,SHA-256,Test1.Stop.csv,E402BD8332DFD6ADC13872ED97E68D3430DEF60A0100711528A95A7C44F364BA
09/09/2025,13:16:44,20250909 87-35 REPRINT,Test1,60112,Test Finished
09/09/2025,13:16:52,20250909 87-35 REPRINT,Test2,60103,Closed
