25/08/2025,12:40:39,20250825 95-35 3DEA,,60101,Log File Created
25/08/2025,12:40:39,20250825 95-35 3DEA,,60104,Software Version,2.1.20079.01
25/08/2025,12:40:39,20250825 95-35 3DEA,,60105,Console Version,10.2.20286.1
25/08/2025,12:40:39,20250825 95-35 3DEA,,60106,Controller Version,24.00.20200916
25/08/2025,12:40:39,20250825 95-35 3DEA,,60107,User Name,Canterbury
25/08/2025,12:40:39,20250825 95-35 3DEA,,60108,Computer Name,DESKTOP-FOFC6BR
25/08/2025,12:40:39,20250825 95-35 3DEA,,60109,System Name,
25/08/2025,12:40:39,20250825 95-35 3DEA,,60110,Frame Serial Number (System ID),E3BMTB23326
25/08/2025,12:40:59,20250825 95-35 3DEA,Test1,60110,Test Started
25/08/2025,12:40:59,20250825 95-35 3DEA,Test1,60300,Tuning Settings (Linear) - Load String Stiffness(N/mm) = 279.095
25/08/2025,12:40:59,20250825 95-35 3DEA,Test1,60300,Tuning Settings (Linear:Position) - Stiffness Based Tuning state = FixedTuning  
25/08/2025,12:40:59,20250825 95-35 3DEA,Test1,60300,Tuning Settings (Linear:Load) - Stiffness Based Tuning state = AutoTuned  : Optimized Gain(dB) = 0.0 
25/08/2025,12:40:59,20250825 95-35 3DEA,Test1,60300,Tuning Settings (Linear:Digital Position) - Stiffness Based Tuning state = AutoTuned  : Optimized Gain(dB) = 0.0 
25/08/2025,13:12:52,20250825 95-35 3DEA,Test1,60200,Test Status,Test Ended Normally
25/08/2025,13:12:52,20250825 95-35 3DEA,Test1,60120,Total Time,1912.063
25/08/2025,13:12:52,20250825 95-35 3DEA,Test1,60121,Total Cycle Count(Linear Waveform),1000
25/08/2025,13:12:52,20250825 95-35 3DEA,Test1,62000,SHA-256,Test1.steps.tracking.csv,80B0D588B965DF53FDCF178D8FA6D9C374659CFC110783566A1582709E10030E
25/08/2025,13:12:52,20250825 95-35 3DEA,Test1,62000,SHA-256,Test1.steps.trends.csv,1F55EFDB9F4076040E9656CACD13F6BBBB11BEEE51226D6CEEA1960AAC853D70
25/08/2025,13:12:52,20250825 95-35 3DEA,Test1,62000,SHA-256,Test1.Stop.csv,69ED304BFFFDF1A4F2F19BD8A3E8039B334A07B65B4308DE8B2BC8151ECD55E5
25/08/2025,13:12:52,20250825 95-35 3DEA,Test1,60112,Test Finished
25/08/2025,13:13:32,20250825 95-35 3DEA,Test2,60103,Closed
