05/09/2025,08:21:17,20250905 90-35 3DEA,,60101,Log File Created
05/09/2025,08:21:17,20250905 90-35 3DEA,,60104,Software Version,2.1.20079.01
05/09/2025,08:21:17,20250905 90-35 3DEA,,60105,Console Version,10.2.20286.1
05/09/2025,08:21:17,20250905 90-35 3DEA,,60106,Controller Version,24.00.20200916
05/09/2025,08:21:17,20250905 90-35 3DEA,,60107,User Name,Canterbury
05/09/2025,08:21:17,20250905 90-35 3DEA,,60108,Computer Name,DESKTOP-FOFC6BR
05/09/2025,08:21:17,20250905 90-35 3DEA,,60109,System Name,
05/09/2025,08:21:17,20250905 90-35 3DEA,,60110,Frame Serial Number (System ID),E3BMTB23326
05/09/2025,08:21:34,20250905 90-35 3DEA,Test1,60110,Test Started
05/09/2025,08:21:34,20250905 90-35 3DEA,Test1,60300,Tuning Settings (Linear) - Load String Stiffness(N/mm) = 149.488
05/09/2025,08:21:34,20250905 90-35 3DEA,Test1,60300,Tuning Settings (Linear:Position) - Stiffness Based Tuning state = FixedTuning  
05/09/2025,08:21:34,20250905 90-35 3DEA,Test1,60300,Tuning Settings (Linear:Load) - Stiffness Based Tuning state = AutoTuned  : Optimized Gain(dB) = 0.0 
05/09/2025,08:21:34,20250905 90-35 3DEA,Test1,60300,Tuning Settings (Linear:Digital Position) - Stiffness Based Tuning state = AutoTuned  : Optimized Gain(dB) = 0.0 
05/09/2025,08:38:28,20250905 90-35 3DEA,Test1,60205,Test Status,Test Ended by User
05/09/2025,08:38:28,20250905 90-35 3DEA,Test1,60120,Total Time,1014.229
05/09/2025,08:38:28,20250905 90-35 3DEA,Test1,60121,Total Cycle Count(Linear Waveform),1000
05/09/2025,08:38:28,20250905 90-35 3DEA,Test1,60122,Step,4,Step 4
05/09/2025,08:38:28,20250905 90-35 3DEA,Test1,60123,Loop 1,1
05/09/2025,08:38:28,20250905 90-35 3DEA,Test1,62000,SHA-256,Test1.steps.tracking.csv,0D8EFF6BB3754C5834F4ADE9D130CC4ED1D09092F879B3FEB7DBAB4832975A17
05/09/2025,08:38:28,20250905 90-35 3DEA,Test1,62000,SHA-256,Test1.steps.trends.csv,C3FE3BF9C4BF5971AFE56084BE5E101B040D5F083C0E2AEF93BFC2D5C113D5FE
05/09/2025,08:38:28,20250905 90-35 3DEA,Test1,62000,SHA-256,Test1.Stop.csv,C0ABF511F8B8D953B165C24D4C5FDAD80F0F9BD908E0FE4583908BC5C10143AF
05/09/2025,08:38:28,20250905 90-35 3DEA,Test1,60112,Test Finished
05/09/2025,08:38:31,20250905 90-35 3DEA,Test2,60103,Closed
