12/09/2025,09:05:55,20250912 87-50,,60101,Log File Created
12/09/2025,09:05:55,20250912 87-50,,60104,Software Version,2.1.20079.01
12/09/2025,09:05:55,20250912 87-50,,60105,Console Version,10.2.20286.1
12/09/2025,09:05:55,20250912 87-50,,60106,Controller Version,24.00.20200916
12/09/2025,09:05:55,20250912 87-50,,60107,User Name,Canterbury
12/09/2025,09:05:55,20250912 87-50,,60108,Computer Name,DESKTOP-FOFC6BR
12/09/2025,09:05:55,20250912 87-50,,60109,System Name,
12/09/2025,09:05:55,20250912 87-50,,60110,Frame Serial Number (System ID),E3BMTB23326
12/09/2025,09:06:02,20250912 87-50,Test1,60110,Test Started
12/09/2025,09:06:02,20250912 87-50,Test1,60300,Tuning Settings (Linear) - Load String Stiffness(N/mm) = 279.415
12/09/2025,09:06:02,20250912 87-50,Test1,60300,Tuning Settings (Linear:Position) - Stiffness Based Tuning state = FixedTuning  
12/09/2025,09:06:02,20250912 87-50,Test1,60300,Tuning Settings (Linear:Load) - Stiffness Based Tuning state = AutoTuned  : Optimized Gain(dB) = 0.0 
12/09/2025,09:06:02,20250912 87-50,Test1,60300,Tuning Settings (Linear:Digital Position) - Stiffness Based Tuning state = AutoTuned  : Optimized Gain(dB) = 0.0 
12/09/2025,09:22:57,20250912 87-50,Test1,60205,Test Status,Test Ended by User
12/09/2025,09:22:57,20250912 87-50,Test1,60120,Total Time,1014.75
12/09/2025,09:22:57,20250912 87-50,Test1,60121,Total Cycle Count(Linear Waveform),1000
12/09/2025,09:22:57,20250912 87-50,Test1,60122,Step,4,Step 4
12/09/2025,09:22:57,20250912 87-50,Test1,60123,Loop 1,1
12/09/2025,09:22:57,20250912 87-50,Test1,62000,SHA-256,Test1.steps.tracking.csv,B8B19875928AE06240F80DF2EB4104638CE0995E6C35E503A7BAF6D0288EBC35
12/09/2025,09:22:57,20250912 87-50,Test1,62000,SHA-256,Test1.steps.trends.csv,50059C44F40A21F9EEF05F017EEB78616E14DD8822E003A50BE25FC7D3DD031D
12/09/2025,09:22:57,20250912 87-50,Test1,62000,SHA-256,Test1.Stop.csv,E43069F28CAE7342D120F1407CFC878566DDA6A760EFECABEAC78613DEF1691A
12/09/2025,09:22:57,20250912 87-50,Test1,60112,Test Finished
12/09/2025,09:23:01,20250912 87-50,Test2,60103,Closed
