19/09/2025,22:02:23,20250919 90-50 Reprint,,60101,Log File Created
19/09/2025,22:02:23,20250919 90-50 Reprint,,60104,Software Version,2.1.20079.01
19/09/2025,22:02:23,20250919 90-50 Reprint,,60105,Console Version,10.2.20286.1
19/09/2025,22:02:23,20250919 90-50 Reprint,,60106,Controller Version,24.00.20200916
19/09/2025,22:02:23,20250919 90-50 Reprint,,60107,User Name,Canterbury
19/09/2025,22:02:23,20250919 90-50 Reprint,,60108,Computer Name,DESKTOP-FOFC6BR
19/09/2025,22:02:23,20250919 90-50 Reprint,,60109,System Name,
19/09/2025,22:02:23,20250919 90-50 Reprint,,60110,Frame Serial Number (System ID),E3BMTB23326
19/09/2025,22:02:51,20250919 90-50 Reprint,Test1,60110,Test Started
19/09/2025,22:02:51,20250919 90-50 Reprint,Test1,60300,Tuning Settings (Linear) - Load String Stiffness(N/mm) = 368.736
19/09/2025,22:02:51,20250919 90-50 Reprint,Test1,60300,Tuning Settings (Linear:Position) - Stiffness Based Tuning state = FixedTuning  
19/09/2025,22:02:51,20250919 90-50 Reprint,Test1,60300,Tuning Settings (Linear:Load) - Stiffness Based Tuning state = AutoTuned  : Optimized Gain(dB) = 0.0 
19/09/2025,22:02:51,20250919 90-50 Reprint,Test1,60300,Tuning Settings (Linear:Digital Position) - Stiffness Based Tuning state = AutoTuned  : Optimized Gain(dB) = 0.0 
19/09/2025,22:19:43,20250919 90-50 Reprint,Test1,60205,Test Status,Test Ended by User
19/09/2025,22:19:43,20250919 90-50 Reprint,Test1,60120,Total Time,1011.455
19/09/2025,22:19:43,20250919 90-50 Reprint,Test1,60121,Total Cycle Count(Linear Waveform),1000
19/09/2025,22:19:43,20250919 90-50 Reprint,Test1,60122,Step,4,Step 4
19/09/2025,22:19:43,20250919 90-50 Reprint,Test1,60123,Loop 1,1
19/09/2025,22:19:43,20250919 90-50 Reprint,Test1,62000,SHA-256,Test1.steps.tracking.csv,EEDEA35211EF475C09E6401539C0041D0FD7EF616388A00443BB1FA745DA003C
19/09/2025,22:19:43,20250919 90-50 Reprint,Test1,62000,SHA-256,Test1.steps.trends.csv,938AF49D24F5765EE0AA2D1C93205D2F91E62CD8257ED5B76BC8B5E689D0CEA1
19/09/2025,22:19:43,20250919 90-50 Reprint,Test1,62000,SHA-256,Test1.Stop.csv,521FAAED6DA6A40669D309C0A896B2B36AA4B017911F0D43F38DCB1FE961D4C4
19/09/2025,22:19:43,20250919 90-50 Reprint,Test1,60112,Test Finished
19/09/2025,22:19:46,20250919 90-50 Reprint,Test2,60103,Closed
