30/09/2025,19:05:28,20250930 87-50 Reprint,,60101,Log File Created
30/09/2025,19:05:28,20250930 87-50 Reprint,,60104,Software Version,2.1.20079.01
30/09/2025,19:05:28,20250930 87-50 Reprint,,60105,Console Version,10.2.20286.1
30/09/2025,19:05:28,20250930 87-50 Reprint,,60106,Controller Version,24.00.20200916
30/09/2025,19:05:28,20250930 87-50 Reprint,,60107,User Name,Canterbury
30/09/2025,19:05:28,20250930 87-50 Reprint,,60108,Computer Name,DESKTOP-FOFC6BR
30/09/2025,19:05:28,20250930 87-50 Reprint,,60109,System Name,
30/09/2025,19:05:28,20250930 87-50 Reprint,,60110,Frame Serial Number (System ID),E3BMTB23326
30/09/2025,19:05:57,20250930 87-50 Reprint,Test1,60110,Test Started
30/09/2025,19:05:57,20250930 87-50 Reprint,Test1,60300,Tuning Settings (Linear) - Load String Stiffness(N/mm) = 285.372
30/09/2025,19:05:57,20250930 87-50 Reprint,Test1,60300,Tuning Settings (Linear:Position) - Stiffness Based Tuning state = FixedTuning  
30/09/2025,19:05:57,20250930 87-50 Reprint,Test1,60300,Tuning Settings (Linear:Load) - Stiffness Based Tuning state = AutoTuned  : Optimized Gain(dB) = 0.0 
30/09/2025,19:05:57,20250930 87-50 Reprint,Test1,60300,Tuning Settings (Linear:Digital Position) - Stiffness Based Tuning state = AutoTuned  : Optimized Gain(dB) = 0.0 
30/09/2025,19:22:44,20250930 87-50 Reprint,Test1,60205,Test Status,Test Ended by User
30/09/2025,19:22:44,20250930 87-50 Reprint,Test1,60120,Total Time,1007.022
30/09/2025,19:22:44,20250930 87-50 Reprint,Test1,60121,Total Cycle Count(Linear Waveform),1000
30/09/2025,19:22:44,20250930 87-50 Reprint,Test1,60122,Step,3,Step 3
30/09/2025,19:22:44,20250930 87-50 Reprint,Test1,60123,Loop 1,1
30/09/2025,19:22:44,20250930 87-50 Reprint,Test1,62000,SHA-256,Test1.steps.tracking.csv,B2CE0434E999AF8676F5E82BB7BE8A739FA58D9BA6CAEC7BC58237286490D47A
30/09/2025,19:22:44,20250930 87-50 Reprint,Test1,62000,SHA-256,Test1.steps.trends.csv,F11F26DE8E4CCB9B291E3F17190E33A331BD574B877C1EC4557A606E117D97C7
30/09/2025,19:22:44,20250930 87-50 Reprint,Test1,62000,SHA-256,Test1.Stop.csv,A4A8939B90944E0F3EB623A9029D00EA24DAEB1341A6DA2851E3B5DBB18CC20D
30/09/2025,19:22:44,20250930 87-50 Reprint,Test1,60112,Test Finished
30/09/2025,19:28:40,20250930 87-50 Reprint,Test2,60103,Closed
