05/09/2025,09:28:56,20250905 87-35 3DEA,,60101,Log File Created
05/09/2025,09:28:56,20250905 87-35 3DEA,,60104,Software Version,2.1.20079.01
05/09/2025,09:28:56,20250905 87-35 3DEA,,60105,Console Version,10.2.20286.1
05/09/2025,09:28:56,20250905 87-35 3DEA,,60106,Controller Version,24.00.20200916
05/09/2025,09:28:56,20250905 87-35 3DEA,,60107,User Name,Canterbury
05/09/2025,09:28:56,20250905 87-35 3DEA,,60108,Computer Name,DESKTOP-FOFC6BR
05/09/2025,09:28:56,20250905 87-35 3DEA,,60109,System Name,
05/09/2025,09:28:56,20250905 87-35 3DEA,,60110,Frame Serial Number (System ID),E3BMTB23326
05/09/2025,09:29:03,20250905 87-35 3DEA,Test1,60110,Test Started
05/09/2025,09:29:03,20250905 87-35 3DEA,Test1,60300,Tuning Settings (Linear) - Load String Stiffness(N/mm) = 116.456
05/09/2025,09:29:03,20250905 87-35 3DEA,Test1,60300,Tuning Settings (Linear:Position) - Stiffness Based Tuning state = FixedTuning  
05/09/2025,09:29:03,20250905 87-35 3DEA,Test1,60300,Tuning Settings (Linear:Load) - Stiffness Based Tuning state = AutoTuned  : Optimized Gain(dB) = 0.0 
05/09/2025,09:29:03,20250905 87-35 3DEA,Test1,60300,Tuning Settings (Linear:Digital Position) - Stiffness Based Tuning state = AutoTuned  : Optimized Gain(dB) = 0.0 
05/09/2025,09:46:00,20250905 87-35 3DEA,Test1,60205,Test Status,Test Ended by User
05/09/2025,09:46:00,20250905 87-35 3DEA,Test1,60120,Total Time,1016.319
05/09/2025,09:46:00,20250905 87-35 3DEA,Test1,60121,Total Cycle Count(Linear Waveform),1000
05/09/2025,09:46:00,20250905 87-35 3DEA,Test1,60122,Step,4,Step 4
05/09/2025,09:46:00,20250905 87-35 3DEA,Test1,60123,Loop 1,1
05/09/2025,09:46:00,20250905 87-35 3DEA,Test1,62000,SHA-256,Test1.steps.tracking.csv,63A051ECD6C2C414E406F7694B504872A1B9CD4B1E0F60601F63B111560C4004
05/09/2025,09:46:00,20250905 87-35 3DEA,Test1,62000,SHA-256,Test1.steps.trends.csv,20A0938200EEEC2538F96274DE8B6FC6D7893EBA67509ED60994C537CB819100
05/09/2025,09:46:00,20250905 87-35 3DEA,Test1,62000,SHA-256,Test1.Stop.csv,167E0CFC4B4D0928C71DD2A65E5403BB2F9C929195E9468904DBE6BD5655812F
05/09/2025,09:46:00,20250905 87-35 3DEA,Test1,60112,Test Finished
05/09/2025,09:53:41,20250905 87-35 3DEA,Test2,60103,Closed
