08/09/2025,15:57:20,20250908 95-35 3DEA,,60101,Log File Created
08/09/2025,15:57:20,20250908 95-35 3DEA,,60104,Software Version,2.1.20079.01
08/09/2025,15:57:20,20250908 95-35 3DEA,,60105,Console Version,10.2.20286.1
08/09/2025,15:57:20,20250908 95-35 3DEA,,60106,Controller Version,24.00.20200916
08/09/2025,15:57:20,20250908 95-35 3DEA,,60107,User Name,Canterbury
08/09/2025,15:57:20,20250908 95-35 3DEA,,60108,Computer Name,DESKTOP-FOFC6BR
08/09/2025,15:57:20,20250908 95-35 3DEA,,60109,System Name,
08/09/2025,15:57:20,20250908 95-35 3DEA,,60110,Frame Serial Number (System ID),E3BMTB23326
08/09/2025,15:57:50,20250908 95-35 3DEA,Test1,60110,Test Started
08/09/2025,15:57:50,20250908 95-35 3DEA,Test1,60300,Tuning Settings (Linear) - Load String Stiffness(N/mm) = 285.67
08/09/2025,15:57:50,20250908 95-35 3DEA,Test1,60300,Tuning Settings (Linear:Position) - Stiffness Based Tuning state = FixedTuning  
08/09/2025,15:57:50,20250908 95-35 3DEA,Test1,60300,Tuning Settings (Linear:Load) - Stiffness Based Tuning state = AutoTuned  : Optimized Gain(dB) = 0.0 
08/09/2025,15:57:50,20250908 95-35 3DEA,Test1,60300,Tuning Settings (Linear:Digital Position) - Stiffness Based Tuning state = AutoTuned  : Optimized Gain(dB) = 0.0 
08/09/2025,16:14:47,20250908 95-35 3DEA,Test1,60205,Test Status,Test Ended by User
08/09/2025,16:14:47,20250908 95-35 3DEA,Test1,60120,Total Time,1017.087
08/09/2025,16:14:47,20250908 95-35 3DEA,Test1,60121,Total Cycle Count(Linear Waveform),1000
08/09/2025,16:14:47,20250908 95-35 3DEA,Test1,60122,Step,4,Step 4
08/09/2025,16:14:47,20250908 95-35 3DEA,Test1,60123,Loop 1,1
08/09/2025,16:14:47,20250908 95-35 3DEA,Test1,62000,SHA-256,Test1.steps.tracking.csv,EDD5C1E244BD24387EC10DFBCECF059FF52981A8B893B752D78A8DC99E2718E5
08/09/2025,16:14:47,20250908 95-35 3DEA,Test1,62000,SHA-256,Test1.steps.trends.csv,2B71D8C326D65E3C6AF6106232A1EE4638D8569F40F1097DC8C6C1A76850A006
08/09/2025,16:14:47,20250908 95-35 3DEA,Test1,62000,SHA-256,Test1.Stop.csv,0B9976D31401076B5C142D022C43ADDFBF50FF0FC37A2EC53F0BFEEF9DF0B131
08/09/2025,16:14:47,20250908 95-35 3DEA,Test1,60112,Test Finished
08/09/2025,16:14:50,20250908 95-35 3DEA,Test2,60103,Closed
