19/09/2025,22:43:03,20250919 90-20 Reprint,,60101,Log File Created
19/09/2025,22:43:03,20250919 90-20 Reprint,,60104,Software Version,2.1.20079.01
19/09/2025,22:43:03,20250919 90-20 Reprint,,60105,Console Version,10.2.20286.1
19/09/2025,22:43:03,20250919 90-20 Reprint,,60106,Controller Version,24.00.20200916
19/09/2025,22:43:03,20250919 90-20 Reprint,,60107,User Name,Canterbury
19/09/2025,22:43:03,20250919 90-20 Reprint,,60108,Computer Name,DESKTOP-FOFC6BR
19/09/2025,22:43:03,20250919 90-20 Reprint,,60109,System Name,
19/09/2025,22:43:03,20250919 90-20 Reprint,,60110,Frame Serial Number (System ID),E3BMTB23326
19/09/2025,22:43:20,20250919 90-20 Reprint,Test1,60110,Test Started
19/09/2025,22:43:20,20250919 90-20 Reprint,Test1,60300,Tuning Settings (Linear) - Load String Stiffness(N/mm) = 41.196
19/09/2025,22:43:20,20250919 90-20 Reprint,Test1,60300,Tuning Settings (Linear:Position) - Stiffness Based Tuning state = FixedTuning  
19/09/2025,22:43:20,20250919 90-20 Reprint,Test1,60300,Tuning Settings (Linear:Load) - Stiffness Based Tuning state = AutoTuned  : Optimized Gain(dB) = 0.0 
19/09/2025,22:43:20,20250919 90-20 Reprint,Test1,60300,Tuning Settings (Linear:Digital Position) - Stiffness Based Tuning state = AutoTuned  : Optimized Gain(dB) = 0.0 
19/09/2025,23:00:15,20250919 90-20 Reprint,Test1,60205,Test Status,Test Ended by User
19/09/2025,23:00:15,20250919 90-20 Reprint,Test1,60120,Total Time,1015.221
19/09/2025,23:00:15,20250919 90-20 Reprint,Test1,60121,Total Cycle Count(Linear Waveform),1000
19/09/2025,23:00:15,20250919 90-20 Reprint,Test1,60122,Step,4,Step 4
19/09/2025,23:00:15,20250919 90-20 Reprint,Test1,60123,Loop 1,1
19/09/2025,23:00:15,20250919 90-20 Reprint,Test1,62000,SHA-256,Test1.steps.tracking.csv,024D8DCE003EA104E5DCC4AC284639ACAFD8401707DDC655D9FE27EFF776FEC1
19/09/2025,23:00:15,20250919 90-20 Reprint,Test1,62000,SHA-256,Test1.steps.trends.csv,52F0318DB6C25EEC4AC45F258E1E34F44A0650CDD6FD7A543156A4FC235E4941
19/09/2025,23:00:15,20250919 90-20 Reprint,Test1,62000,SHA-256,Test1.Stop.csv,B6286434318403BFCEDE064B1C2AF95D388B10414018C613DCA00B448C89451D
19/09/2025,23:00:15,20250919 90-20 Reprint,Test1,60112,Test Finished
19/09/2025,23:00:22,20250919 90-20 Reprint,Test2,60103,Closed
