16/09/2025,07:38:03,20250916 87-20 Reprint,,60101,Log File Created
16/09/2025,07:38:03,20250916 87-20 Reprint,,60104,Software Version,2.1.20079.01
16/09/2025,07:38:03,20250916 87-20 Reprint,,60105,Console Version,10.2.20286.1
16/09/2025,07:38:03,20250916 87-20 Reprint,,60106,Controller Version,24.00.20200916
16/09/2025,07:38:03,20250916 87-20 Reprint,,60107,User Name,Canterbury
16/09/2025,07:38:03,20250916 87-20 Reprint,,60108,Computer Name,DESKTOP-FOFC6BR
16/09/2025,07:38:03,20250916 87-20 Reprint,,60109,System Name,
16/09/2025,07:38:03,20250916 87-20 Reprint,,60110,Frame Serial Number (System ID),E3BMTB23326
16/09/2025,07:38:12,20250916 87-20 Reprint,Test1,60110,Test Started
16/09/2025,07:38:12,20250916 87-20 Reprint,Test1,60300,Tuning Settings (Linear) - Load String Stiffness(N/mm) = 32.219
16/09/2025,07:38:12,20250916 87-20 Reprint,Test1,60300,Tuning Settings (Linear:Position) - Stiffness Based Tuning state = FixedTuning  
16/09/2025,07:38:12,20250916 87-20 Reprint,Test1,60300,Tuning Settings (Linear:Load) - Stiffness Based Tuning state = AutoTuned  : Optimized Gain(dB) = 0.0 
16/09/2025,07:38:12,20250916 87-20 Reprint,Test1,60300,Tuning Settings (Linear:Digital Position) - Stiffness Based Tuning state = AutoTuned  : Optimized Gain(dB) = 0.0 
16/09/2025,07:55:04,20250916 87-20 Reprint,Test1,60205,Test Status,Test Ended by User
16/09/2025,07:55:04,20250916 87-20 Reprint,Test1,60120,Total Time,1011.711
16/09/2025,07:55:04,20250916 87-20 Reprint,Test1,60121,Total Cycle Count(Linear Waveform),1000
16/09/2025,07:55:04,20250916 87-20 Reprint,Test1,60122,Step,4,Step 4
16/09/2025,07:55:04,20250916 87-20 Reprint,Test1,60123,Loop 1,1
16/09/2025,07:55:04,20250916 87-20 Reprint,Test1,62000,SHA-256,Test1.steps.tracking.csv,E24F08C1A51B2DD882EF33F3083951463DF9884B124023B1A2F03A0AA72C9787
16/09/2025,07:55:04,20250916 87-20 Reprint,Test1,62000,SHA-256,Test1.steps.trends.csv,CC9D6FD1837BA79B7389C85DF08A93403BAA0D1E79DB5BA50A11B439273D76BD
16/09/2025,07:55:04,20250916 87-20 Reprint,Test1,62000,SHA-256,Test1.Stop.csv,D1BBF4DC720F53D7B3B7039B2CC91E4A3ED3B556E57642D9C361CA10C09BEF67
16/09/2025,07:55:04,20250916 87-20 Reprint,Test1,60112,Test Finished
16/09/2025,07:55:09,20250916 87-20 Reprint,Test2,60103,Closed
