26/09/2025,16:46:26,20250926 90-35 Reprint,,60101,Log File Created
26/09/2025,16:46:26,20250926 90-35 Reprint,,60104,Software Version,2.1.20079.01
26/09/2025,16:46:26,20250926 90-35 Reprint,,60105,Console Version,10.2.20286.1
26/09/2025,16:46:26,20250926 90-35 Reprint,,60106,Controller Version,24.00.20200916
26/09/2025,16:46:26,20250926 90-35 Reprint,,60107,User Name,Canterbury
26/09/2025,16:46:26,20250926 90-35 Reprint,,60108,Computer Name,DESKTOP-FOFC6BR
26/09/2025,16:46:26,20250926 90-35 Reprint,,60109,System Name,
26/09/2025,16:46:26,20250926 90-35 Reprint,,60110,Frame Serial Number (System ID),E3BMTB23326
26/09/2025,16:46:34,20250926 90-35 Reprint,Test1,60110,Test Started
26/09/2025,16:46:34,20250926 90-35 Reprint,Test1,60300,Tuning Settings (Linear) - Load String Stiffness(N/mm) = 158.839
26/09/2025,16:46:34,20250926 90-35 Reprint,Test1,60300,Tuning Settings (Linear:Position) - Stiffness Based Tuning state = FixedTuning  
26/09/2025,16:46:34,20250926 90-35 Reprint,Test1,60300,Tuning Settings (Linear:Load) - Stiffness Based Tuning state = AutoTuned  : Optimized Gain(dB) = 0.0 
26/09/2025,16:46:34,20250926 90-35 Reprint,Test1,60300,Tuning Settings (Linear:Digital Position) - Stiffness Based Tuning state = AutoTuned  : Optimized Gain(dB) = 0.0 
26/09/2025,17:03:24,20250926 90-35 Reprint,Test1,60205,Test Status,Test Ended by User
26/09/2025,17:03:24,20250926 90-35 Reprint,Test1,60120,Total Time,1009.407
26/09/2025,17:03:24,20250926 90-35 Reprint,Test1,60121,Total Cycle Count(Linear Waveform),1000
26/09/2025,17:03:24,20250926 90-35 Reprint,Test1,60122,Step,4,Step 4
26/09/2025,17:03:24,20250926 90-35 Reprint,Test1,60123,Loop 1,1
26/09/2025,17:03:24,20250926 90-35 Reprint,Test1,62000,SHA-256,Test1.steps.tracking.csv,3E5EECC62B8C306215299DD5DB102512962005D172BD961DF074A6BA910B632C
26/09/2025,17:03:24,20250926 90-35 Reprint,Test1,62000,SHA-256,Test1.steps.trends.csv,AF8DE2C8262FEDBDB94596AB39F05D17E33BA78E9DEB5ECEE1BCA7492203479C
26/09/2025,17:03:24,20250926 90-35 Reprint,Test1,62000,SHA-256,Test1.Stop.csv,A0F0D482CBF1D442873A8B92627ACE3D7779972E260465B7C226EA669899F0D9
26/09/2025,17:03:24,20250926 90-35 Reprint,Test1,60112,Test Finished
26/09/2025,17:03:44,20250926 90-35 Reprint,Test2,60103,Closed
