20/09/2025,00:38:40,20250919 87-21,,60101,Log File Created
20/09/2025,00:38:40,20250919 87-21,,60104,Software Version,2.1.20079.01
20/09/2025,00:38:40,20250919 87-21,,60105,Console Version,10.2.20286.1
20/09/2025,00:38:40,20250919 87-21,,60106,Controller Version,24.00.20200916
20/09/2025,00:38:40,20250919 87-21,,60107,User Name,Canterbury
20/09/2025,00:38:40,20250919 87-21,,60108,Computer Name,DESKTOP-FOFC6BR
20/09/2025,00:38:40,20250919 87-21,,60109,System Name,
20/09/2025,00:38:40,20250919 87-21,,60110,Frame Serial Number (System ID),E3BMTB23326
20/09/2025,00:38:47,20250919 87-21,Test1,60110,Test Started
20/09/2025,00:38:47,20250919 87-21,Test1,60300,Tuning Settings (Linear) - Load String Stiffness(N/mm) = 32.464
20/09/2025,00:38:47,20250919 87-21,Test1,60300,Tuning Settings (Linear:Position) - Stiffness Based Tuning state = FixedTuning  
20/09/2025,00:38:47,20250919 87-21,Test1,60300,Tuning Settings (Linear:Load) - Stiffness Based Tuning state = AutoTuned  : Optimized Gain(dB) = 0.0 
20/09/2025,00:38:47,20250919 87-21,Test1,60300,Tuning Settings (Linear:Digital Position) - Stiffness Based Tuning state = AutoTuned  : Optimized Gain(dB) = 0.0 
20/09/2025,00:55:43,20250919 87-21,Test1,60205,Test Status,Test Ended by User
20/09/2025,00:55:43,20250919 87-21,Test1,60120,Total Time,1014.783
20/09/2025,00:55:43,20250919 87-21,Test1,60121,Total Cycle Count(Linear Waveform),1000
20/09/2025,00:55:43,20250919 87-21,Test1,60122,Step,4,Step 4
20/09/2025,00:55:43,20250919 87-21,Test1,60123,Loop 1,1
20/09/2025,00:55:43,20250919 87-21,Test1,62000,SHA-256,Test1.steps.tracking.csv,ED2B06DB429CAC099B81853BB5F90EF46FFBE8261940BF5D38A0864DCB678332
20/09/2025,00:55:43,20250919 87-21,Test1,62000,SHA-256,Test1.steps.trends.csv,1C11EFE4343040FDE1C946534D7F4A2C96B2B973BCA4A4D56687423E48FC935C
20/09/2025,00:55:43,20250919 87-21,Test1,62000,SHA-256,Test1.Stop.csv,C66DEE1C2829C1D5C1403147080E7D968D077676A8B06E38B36E07605CB914CE
20/09/2025,00:55:43,20250919 87-21,Test1,60112,Test Finished
20/09/2025,00:55:45,20250919 87-21,Test2,60103,Closed
