20/09/2025,00:01:32,20250919 87-50,,60101,Log File Created
20/09/2025,00:01:32,20250919 87-50,,60104,Software Version,2.1.20079.01
20/09/2025,00:01:32,20250919 87-50,,60105,Console Version,10.2.20286.1
20/09/2025,00:01:32,20250919 87-50,,60106,Controller Version,24.00.20200916
20/09/2025,00:01:32,20250919 87-50,,60107,User Name,Canterbury
20/09/2025,00:01:32,20250919 87-50,,60108,Computer Name,DESKTOP-FOFC6BR
20/09/2025,00:01:32,20250919 87-50,,60109,System Name,
20/09/2025,00:01:32,20250919 87-50,,60110,Frame Serial Number (System ID),E3BMTB23326
20/09/2025,00:01:40,20250919 87-50,Test1,60110,Test Started
20/09/2025,00:01:40,20250919 87-50,Test1,60300,Tuning Settings (Linear) - Load String Stiffness(N/mm) = 281.124
20/09/2025,00:01:40,20250919 87-50,Test1,60300,Tuning Settings (Linear:Position) - Stiffness Based Tuning state = FixedTuning  
20/09/2025,00:01:40,20250919 87-50,Test1,60300,Tuning Settings (Linear:Load) - Stiffness Based Tuning state = AutoTuned  : Optimized Gain(dB) = 0.0 
20/09/2025,00:01:40,20250919 87-50,Test1,60300,Tuning Settings (Linear:Digital Position) - Stiffness Based Tuning state = AutoTuned  : Optimized Gain(dB) = 0.0 
20/09/2025,00:18:30,20250919 87-50,Test1,60205,Test Status,Test Ended by User
20/09/2025,00:18:30,20250919 87-50,Test1,60120,Total Time,1009.663
20/09/2025,00:18:30,20250919 87-50,Test1,60121,Total Cycle Count(Linear Waveform),1000
20/09/2025,00:18:30,20250919 87-50,Test1,60122,Step,4,Step 4
20/09/2025,00:18:30,20250919 87-50,Test1,60123,Loop 1,1
20/09/2025,00:18:30,20250919 87-50,Test1,62000,SHA-256,Test1.steps.tracking.csv,7D70A90DEB9AD14E759F4847A05AC03549A48A3127B094B674A29C2B1D445E10
20/09/2025,00:18:30,20250919 87-50,Test1,62000,SHA-256,Test1.steps.trends.csv,B66F37A7715273FAF6A6E5B96C2031509B739DFFB8E36CE2E3B8BF4350D870CE
20/09/2025,00:18:30,20250919 87-50,Test1,62000,SHA-256,Test1.Stop.csv,A4E97D5853EDAF848D45FC9930A44715D6A084A39D81173479A5F2116FE4037E
20/09/2025,00:18:30,20250919 87-50,Test1,60112,Test Finished
20/09/2025,00:18:33,20250919 87-50,Test2,60103,Closed
