05/09/2025,08:42:08,20250905 90-20 3DEA,,60101,Log File Created
05/09/2025,08:42:08,20250905 90-20 3DEA,,60104,Software Version,2.1.20079.01
05/09/2025,08:42:08,20250905 90-20 3DEA,,60105,Console Version,10.2.20286.1
05/09/2025,08:42:08,20250905 90-20 3DEA,,60106,Controller Version,24.00.20200916
05/09/2025,08:42:08,20250905 90-20 3DEA,,60107,User Name,Canterbury
05/09/2025,08:42:08,20250905 90-20 3DEA,,60108,Computer Name,DESKTOP-FOFC6BR
05/09/2025,08:42:08,20250905 90-20 3DEA,,60109,System Name,
05/09/2025,08:42:08,20250905 90-20 3DEA,,60110,Frame Serial Number (System ID),E3BMTB23326
05/09/2025,08:42:20,20250905 90-20 3DEA,Test1,60110,Test Started
05/09/2025,08:42:20,20250905 90-20 3DEA,Test1,60300,Tuning Settings (Linear) - Load String Stiffness(N/mm) = 39.617
05/09/2025,08:42:20,20250905 90-20 3DEA,Test1,60300,Tuning Settings (Linear:Position) - Stiffness Based Tuning state = FixedTuning  
05/09/2025,08:42:20,20250905 90-20 3DEA,Test1,60300,Tuning Settings (Linear:Load) - Stiffness Based Tuning state = AutoTuned  : Optimized Gain(dB) = 0.0 
05/09/2025,08:42:20,20250905 90-20 3DEA,Test1,60300,Tuning Settings (Linear:Digital Position) - Stiffness Based Tuning state = AutoTuned  : Optimized Gain(dB) = 0.0 
05/09/2025,08:59:17,20250905 90-20 3DEA,Test1,60205,Test Status,Test Ended by User
05/09/2025,08:59:17,20250905 90-20 3DEA,Test1,60120,Total Time,1015.937
05/09/2025,08:59:17,20250905 90-20 3DEA,Test1,60121,Total Cycle Count(Linear Waveform),1000
05/09/2025,08:59:17,20250905 90-20 3DEA,Test1,60122,Step,4,Step 4
05/09/2025,08:59:17,20250905 90-20 3DEA,Test1,60123,Loop 1,1
05/09/2025,08:59:17,20250905 90-20 3DEA,Test1,62000,SHA-256,Test1.steps.tracking.csv,39B1E4F3D18E6093E801CC98464CA60D50DD5C55552AF15408A922860021556B
05/09/2025,08:59:17,20250905 90-20 3DEA,Test1,62000,SHA-256,Test1.steps.trends.csv,9516BF7A331C307E28450F3422520F4327C0549D2EF0C270E93FF8C227D51B07
05/09/2025,08:59:17,20250905 90-20 3DEA,Test1,62000,SHA-256,Test1.Stop.csv,122C8EF548521ADA3EA99E49F619FDABDDCDF797D538FA0C87568ECACBA50729
05/09/2025,08:59:17,20250905 90-20 3DEA,Test1,60112,Test Finished
05/09/2025,08:59:19,20250905 90-20 3DEA,Test2,60103,Closed
