22/09/2025,10:50:25,20250922 95-20 Reprint,,60101,Log File Created
22/09/2025,10:50:25,20250922 95-20 Reprint,,60104,Software Version,2.1.20079.01
22/09/2025,10:50:25,20250922 95-20 Reprint,,60105,Console Version,10.2.20286.1
22/09/2025,10:50:25,20250922 95-20 Reprint,,60106,Controller Version,24.00.20200916
22/09/2025,10:50:25,20250922 95-20 Reprint,,60107,User Name,Canterbury
22/09/2025,10:50:25,20250922 95-20 Reprint,,60108,Computer Name,DESKTOP-FOFC6BR
22/09/2025,10:50:25,20250922 95-20 Reprint,,60109,System Name,
22/09/2025,10:50:25,20250922 95-20 Reprint,,60110,Frame Serial Number (System ID),E3BMTB23326
22/09/2025,10:50:31,20250922 95-20 Reprint,Test1,60110,Test Started
22/09/2025,10:50:31,20250922 95-20 Reprint,Test1,60300,Tuning Settings (Linear) - Load String Stiffness(N/mm) = 79.506
22/09/2025,10:50:31,20250922 95-20 Reprint,Test1,60300,Tuning Settings (Linear:Position) - Stiffness Based Tuning state = FixedTuning  
22/09/2025,10:50:31,20250922 95-20 Reprint,Test1,60300,Tuning Settings (Linear:Load) - Stiffness Based Tuning state = AutoTuned  : Optimized Gain(dB) = 0.0 
22/09/2025,10:50:31,20250922 95-20 Reprint,Test1,60300,Tuning Settings (Linear:Digital Position) - Stiffness Based Tuning state = AutoTuned  : Optimized Gain(dB) = 0.0 
22/09/2025,11:07:28,20250922 95-20 Reprint,Test1,60205,Test Status,Test Ended by User
22/09/2025,11:07:28,20250922 95-20 Reprint,Test1,60120,Total Time,1017.195
22/09/2025,11:07:28,20250922 95-20 Reprint,Test1,60121,Total Cycle Count(Linear Waveform),1000
22/09/2025,11:07:28,20250922 95-20 Reprint,Test1,60122,Step,4,Step 4
22/09/2025,11:07:28,20250922 95-20 Reprint,Test1,60123,Loop 1,1
22/09/2025,11:07:28,20250922 95-20 Reprint,Test1,62000,SHA-256,Test1.steps.tracking.csv,F54FD7C080786DC0767249FF6777D8DE74413D3B745A10401483EF9B52F1D46A
22/09/2025,11:07:28,20250922 95-20 Reprint,Test1,62000,SHA-256,Test1.steps.trends.csv,355A27CA975BF6B4C7A77D9C146573F6E2D6D83CC544734E1EADE65F85CAA26C
22/09/2025,11:07:28,20250922 95-20 Reprint,Test1,62000,SHA-256,Test1.Stop.csv,B875F05DDA04BA4F53141D3F727A2A3BBC874D8554CFD5340255F28D23ED6966
22/09/2025,11:07:28,20250922 95-20 Reprint,Test1,60112,Test Finished
22/09/2025,11:07:31,20250922 95-20 Reprint,Test2,60103,Closed
