26/09/2025,15:25:44,20250926 90-50,,60101,Log File Created
26/09/2025,15:25:44,20250926 90-50,,60104,Software Version,2.1.20079.01
26/09/2025,15:25:44,20250926 90-50,,60105,Console Version,10.2.20286.1
26/09/2025,15:25:44,20250926 90-50,,60106,Controller Version,24.00.20200916
26/09/2025,15:25:44,20250926 90-50,,60107,User Name,Canterbury
26/09/2025,15:25:44,20250926 90-50,,60108,Computer Name,DESKTOP-FOFC6BR
26/09/2025,15:25:44,20250926 90-50,,60109,System Name,
26/09/2025,15:25:44,20250926 90-50,,60110,Frame Serial Number (System ID),E3BMTB23326
26/09/2025,15:26:06,20250926 90-50,Test1,60110,Test Started
26/09/2025,15:26:06,20250926 90-50,Test1,60300,Tuning Settings (Linear) - Load String Stiffness(N/mm) = 371.794
26/09/2025,15:26:06,20250926 90-50,Test1,60300,Tuning Settings (Linear:Position) - Stiffness Based Tuning state = FixedTuning  
26/09/2025,15:26:06,20250926 90-50,Test1,60300,Tuning Settings (Linear:Load) - Stiffness Based Tuning state = AutoTuned  : Optimized Gain(dB) = 0.0 
26/09/2025,15:26:06,20250926 90-50,Test1,60300,Tuning Settings (Linear:Digital Position) - Stiffness Based Tuning state = AutoTuned  : Optimized Gain(dB) = 0.0 
26/09/2025,15:42:56,20250926 90-50,Test1,60205,Test Status,Test Ended by User
26/09/2025,15:42:56,20250926 90-50,Test1,60120,Total Time,1010.092
26/09/2025,15:42:56,20250926 90-50,Test1,60121,Total Cycle Count(Linear Waveform),1000
26/09/2025,15:42:56,20250926 90-50,Test1,60122,Step,4,Step 4
26/09/2025,15:42:56,20250926 90-50,Test1,60123,Loop 1,1
26/09/2025,15:42:56,20250926 90-50,Test1,62000,SHA-256,Test1.steps.tracking.csv,936ABB6B4CB3A89527ED488A7DF332842119CD5AB5FD5FC62B2D0EA4946F5780
26/09/2025,15:42:56,20250926 90-50,Test1,62000,SHA-256,Test1.steps.trends.csv,085A309D0102E6B53D40E52FBB855D485850BE3632E04B54B93193D91DE04D35
26/09/2025,15:42:56,20250926 90-50,Test1,62000,SHA-256,Test1.Stop.csv,459A67B3D8079F541C14B9B3D0031D0ACD72F6EDD814D4A2FF76DDFCB13C57EE
26/09/2025,15:42:56,20250926 90-50,Test1,60112,Test Finished
26/09/2025,15:43:17,20250926 90-50,Test2,60103,Closed
