26/09/2025,17:24:37,20250926 87-50,,60101,Log File Created
26/09/2025,17:24:37,20250926 87-50,,60104,Software Version,2.1.20079.01
26/09/2025,17:24:37,20250926 87-50,,60105,Console Version,10.2.20286.1
26/09/2025,17:24:37,20250926 87-50,,60106,Controller Version,24.00.20200916
26/09/2025,17:24:37,20250926 87-50,,60107,User Name,Canterbury
26/09/2025,17:24:37,20250926 87-50,,60108,Computer Name,DESKTOP-FOFC6BR
26/09/2025,17:24:37,20250926 87-50,,60109,System Name,
26/09/2025,17:24:37,20250926 87-50,,60110,Frame Serial Number (System ID),E3BMTB23326
26/09/2025,17:29:41,20250926 87-50,Test1,60110,Test Started
26/09/2025,17:29:41,20250926 87-50,Test1,60300,Tuning Settings (Linear) - Load String Stiffness(N/mm) = 280.801
26/09/2025,17:29:41,20250926 87-50,Test1,60300,Tuning Settings (Linear:Position) - Stiffness Based Tuning state = FixedTuning  
26/09/2025,17:29:41,20250926 87-50,Test1,60300,Tuning Settings (Linear:Load) - Stiffness Based Tuning state = AutoTuned  : Optimized Gain(dB) = 0.0 
26/09/2025,17:29:41,20250926 87-50,Test1,60300,Tuning Settings (Linear:Digital Position) - Stiffness Based Tuning state = AutoTuned  : Optimized Gain(dB) = 0.0 
26/09/2025,17:46:30,20250926 87-50,Test1,60205,Test Status,Test Ended by User
26/09/2025,17:46:30,20250926 87-50,Test1,60120,Total Time,1008.127
26/09/2025,17:46:30,20250926 87-50,Test1,60121,Total Cycle Count(Linear Waveform),1000
26/09/2025,17:46:30,20250926 87-50,Test1,60122,Step,4,Step 4
26/09/2025,17:46:30,20250926 87-50,Test1,60123,Loop 1,1
26/09/2025,17:46:30,20250926 87-50,Test1,62000,SHA-256,Test1.steps.tracking.csv,00E4DC944A1830D45CADF21D2C9DC1D616CFF7F631487D600BEA5AD6B53F16B1
26/09/2025,17:46:30,20250926 87-50,Test1,62000,SHA-256,Test1.steps.trends.csv,6B7099D74A592A0CE5F73A5B15C7D7680F7F399D470E1E4857A4AD6B37C0A77D
26/09/2025,17:46:30,20250926 87-50,Test1,62000,SHA-256,Test1.Stop.csv,2DD09681A28301C9C9A7A73BAB2F088CBC2243A34FFB48A6FDB50CDBF35D18FA
26/09/2025,17:46:30,20250926 87-50,Test1,60112,Test Finished
26/09/2025,17:46:46,20250926 87-50,Test2,60103,Closed
