12/09/2025,10:36:42,20250912 90-20 REPRINT,,60101,Log File Created
12/09/2025,10:36:42,20250912 90-20 REPRINT,,60104,Software Version,2.1.20079.01
12/09/2025,10:36:42,20250912 90-20 REPRINT,,60105,Console Version,10.2.20286.1
12/09/2025,10:36:42,20250912 90-20 REPRINT,,60106,Controller Version,24.00.20200916
12/09/2025,10:36:42,20250912 90-20 REPRINT,,60107,User Name,Canterbury
12/09/2025,10:36:42,20250912 90-20 REPRINT,,60108,Computer Name,DESKTOP-FOFC6BR
12/09/2025,10:36:42,20250912 90-20 REPRINT,,60109,System Name,
12/09/2025,10:36:42,20250912 90-20 REPRINT,,60110,Frame Serial Number (System ID),E3BMTB23326
12/09/2025,10:36:49,20250912 90-20 REPRINT,Test1,60110,Test Started
12/09/2025,10:36:49,20250912 90-20 REPRINT,Test1,60300,Tuning Settings (Linear) - Load String Stiffness(N/mm) = 39.04
12/09/2025,10:36:49,20250912 90-20 REPRINT,Test1,60300,Tuning Settings (Linear:Position) - Stiffness Based Tuning state = FixedTuning  
12/09/2025,10:36:49,20250912 90-20 REPRINT,Test1,60300,Tuning Settings (Linear:Load) - Stiffness Based Tuning state = AutoTuned  : Optimized Gain(dB) = 0.0 
12/09/2025,10:36:49,20250912 90-20 REPRINT,Test1,60300,Tuning Settings (Linear:Digital Position) - Stiffness Based Tuning state = AutoTuned  : Optimized Gain(dB) = 0.0 
12/09/2025,10:54:01,20250912 90-20 REPRINT,Test1,60205,Test Status,Test Ended by User
12/09/2025,10:54:01,20250912 90-20 REPRINT,Test1,60120,Total Time,1032.447
12/09/2025,10:54:01,20250912 90-20 REPRINT,Test1,60121,Total Cycle Count(Linear Waveform),1000
12/09/2025,10:54:01,20250912 90-20 REPRINT,Test1,60122,Step,4,Step 4
12/09/2025,10:54:01,20250912 90-20 REPRINT,Test1,60123,Loop 1,1
12/09/2025,10:54:01,20250912 90-20 REPRINT,Test1,62000,SHA-256,Test1.steps.tracking.csv,17C6C0E4370E5D774B870478C8D30001B95997BD8C3E375A216418F0AF538B6F
12/09/2025,10:54:01,20250912 90-20 REPRINT,Test1,62000,SHA-256,Test1.steps.trends.csv,6B512F0A44088199E312900FD4ED28715E8FCDD1ED957FE1A31D8533CB9D6CA0
12/09/2025,10:54:01,20250912 90-20 REPRINT,Test1,62000,SHA-256,Test1.Stop.csv,35E13D20269CBABD3C3EC2D059A3316AEE65ABE2A7E2D1F4618E92BA77B89B97
12/09/2025,10:54:01,20250912 90-20 REPRINT,Test1,60112,Test Finished
12/09/2025,10:54:04,20250912 90-20 REPRINT,Test2,60103,Closed
