23/09/2025,10:01:25,20250923 87-20 Reprint,,60101,Log File Created
23/09/2025,10:01:25,20250923 87-20 Reprint,,60104,Software Version,2.1.20079.01
23/09/2025,10:01:25,20250923 87-20 Reprint,,60105,Console Version,10.2.20286.1
23/09/2025,10:01:25,20250923 87-20 Reprint,,60106,Controller Version,24.00.20200916
23/09/2025,10:01:25,20250923 87-20 Reprint,,60107,User Name,Canterbury
23/09/2025,10:01:25,20250923 87-20 Reprint,,60108,Computer Name,DESKTOP-FOFC6BR
23/09/2025,10:01:25,20250923 87-20 Reprint,,60109,System Name,
23/09/2025,10:01:25,20250923 87-20 Reprint,,60110,Frame Serial Number (System ID),E3BMTB23326
23/09/2025,10:01:30,20250923 87-20 Reprint,Test1,60110,Test Started
23/09/2025,10:01:30,20250923 87-20 Reprint,Test1,60300,Tuning Settings (Linear) - Load String Stiffness(N/mm) = 32.433
23/09/2025,10:01:30,20250923 87-20 Reprint,Test1,60300,Tuning Settings (Linear:Position) - Stiffness Based Tuning state = FixedTuning  
23/09/2025,10:01:30,20250923 87-20 Reprint,Test1,60300,Tuning Settings (Linear:Load) - Stiffness Based Tuning state = AutoTuned  : Optimized Gain(dB) = 0.0 
23/09/2025,10:01:30,20250923 87-20 Reprint,Test1,60300,Tuning Settings (Linear:Digital Position) - Stiffness Based Tuning state = AutoTuned  : Optimized Gain(dB) = 0.0 
23/09/2025,10:18:22,20250923 87-20 Reprint,Test1,60205,Test Status,Test Ended by User
23/09/2025,10:18:22,20250923 87-20 Reprint,Test1,60120,Total Time,1010.943
23/09/2025,10:18:22,20250923 87-20 Reprint,Test1,60121,Total Cycle Count(Linear Waveform),1000
23/09/2025,10:18:22,20250923 87-20 Reprint,Test1,60122,Step,4,Step 4
23/09/2025,10:18:22,20250923 87-20 Reprint,Test1,60123,Loop 1,1
23/09/2025,10:18:22,20250923 87-20 Reprint,Test1,62000,SHA-256,Test1.steps.tracking.csv,C20857F49527378FBA883A152BCF037CC873A16A36A80B35C33F21CC5D94F321
23/09/2025,10:18:22,20250923 87-20 Reprint,Test1,62000,SHA-256,Test1.steps.trends.csv,A03E5DB9B95445D6565C086CE0CBBE4CEC9E8089412A59D7534C3B673BE9D137
23/09/2025,10:18:22,20250923 87-20 Reprint,Test1,62000,SHA-256,Test1.Stop.csv,387866899255FC46F19402B370F6DF72B46CC60FFBE8204D34AE7F71EF90BA96
23/09/2025,10:18:22,20250923 87-20 Reprint,Test1,60112,Test Finished
23/09/2025,10:18:24,20250923 87-20 Reprint,Test2,60103,Closed
