19/09/2025,23:42:27,20250919 90-20,,60101,Log File Created
19/09/2025,23:42:27,20250919 90-20,,60104,Software Version,2.1.20079.01
19/09/2025,23:42:27,20250919 90-20,,60105,Console Version,10.2.20286.1
19/09/2025,23:42:27,20250919 90-20,,60106,Controller Version,24.00.20200916
19/09/2025,23:42:27,20250919 90-20,,60107,User Name,Canterbury
19/09/2025,23:42:27,20250919 90-20,,60108,Computer Name,DESKTOP-FOFC6BR
19/09/2025,23:42:27,20250919 90-20,,60109,System Name,
19/09/2025,23:42:27,20250919 90-20,,60110,Frame Serial Number (System ID),E3BMTB23326
19/09/2025,23:42:32,20250919 90-20,Test1,60110,Test Started
19/09/2025,23:42:32,20250919 90-20,Test1,60300,Tuning Settings (Linear) - Load String Stiffness(N/mm) = 42.127
19/09/2025,23:42:32,20250919 90-20,Test1,60300,Tuning Settings (Linear:Position) - Stiffness Based Tuning state = FixedTuning  
19/09/2025,23:42:32,20250919 90-20,Test1,60300,Tuning Settings (Linear:Load) - Stiffness Based Tuning state = AutoTuned  : Optimized Gain(dB) = 0.0 
19/09/2025,23:42:32,20250919 90-20,Test1,60300,Tuning Settings (Linear:Digital Position) - Stiffness Based Tuning state = AutoTuned  : Optimized Gain(dB) = 0.0 
19/09/2025,23:59:22,20250919 90-20,Test1,60205,Test Status,Test Ended by User
19/09/2025,23:59:22,20250919 90-20,Test1,60120,Total Time,1010.175
19/09/2025,23:59:22,20250919 90-20,Test1,60121,Total Cycle Count(Linear Waveform),1000
19/09/2025,23:59:22,20250919 90-20,Test1,60122,Step,4,Step 4
19/09/2025,23:59:22,20250919 90-20,Test1,60123,Loop 1,1
19/09/2025,23:59:22,20250919 90-20,Test1,62000,SHA-256,Test1.steps.tracking.csv,69562D98B775CC5D36B2F61EB8954404B245E9AC2C410F5F4C5CA90F4CFDD81E
19/09/2025,23:59:22,20250919 90-20,Test1,62000,SHA-256,Test1.steps.trends.csv,77B7437B0A2BA2832EE7E996389575A75399208822607FFD41DFA81BF755E274
19/09/2025,23:59:22,20250919 90-20,Test1,62000,SHA-256,Test1.Stop.csv,B14B30072B081C97A255E08E6AB0646E091C4E5D7E95276FE06A128F5C9D072A
19/09/2025,23:59:22,20250919 90-20,Test1,60112,Test Finished
19/09/2025,23:59:25,20250919 90-20,Test2,60103,Closed
