23/09/2025,09:42:13,20250923 87-35 Reprint,,60101,Log File Created
23/09/2025,09:42:13,20250923 87-35 Reprint,,60104,Software Version,2.1.20079.01
23/09/2025,09:42:13,20250923 87-35 Reprint,,60105,Console Version,10.2.20286.1
23/09/2025,09:42:13,20250923 87-35 Reprint,,60106,Controller Version,24.00.20200916
23/09/2025,09:42:13,20250923 87-35 Reprint,,60107,User Name,Canterbury
23/09/2025,09:42:13,20250923 87-35 Reprint,,60108,Computer Name,DESKTOP-FOFC6BR
23/09/2025,09:42:13,20250923 87-35 Reprint,,60109,System Name,
23/09/2025,09:42:13,20250923 87-35 Reprint,,60110,Frame Serial Number (System ID),E3BMTB23326
23/09/2025,09:42:17,20250923 87-35 Reprint,Test1,60110,Test Started
23/09/2025,09:42:18,20250923 87-35 Reprint,Test1,60300,Tuning Settings (Linear) - Load String Stiffness(N/mm) = 122.075
23/09/2025,09:42:18,20250923 87-35 Reprint,Test1,60300,Tuning Settings (Linear:Position) - Stiffness Based Tuning state = FixedTuning  
23/09/2025,09:42:18,20250923 87-35 Reprint,Test1,60300,Tuning Settings (Linear:Load) - Stiffness Based Tuning state = AutoTuned  : Optimized Gain(dB) = 0.0 
23/09/2025,09:42:18,20250923 87-35 Reprint,Test1,60300,Tuning Settings (Linear:Digital Position) - Stiffness Based Tuning state = AutoTuned  : Optimized Gain(dB) = 0.0 
23/09/2025,09:59:08,20250923 87-35 Reprint,Test1,60205,Test Status,Test Ended by User
23/09/2025,09:59:08,20250923 87-35 Reprint,Test1,60120,Total Time,1010.175
23/09/2025,09:59:08,20250923 87-35 Reprint,Test1,60121,Total Cycle Count(Linear Waveform),1000
23/09/2025,09:59:08,20250923 87-35 Reprint,Test1,60122,Step,4,Step 4
23/09/2025,09:59:08,20250923 87-35 Reprint,Test1,60123,Loop 1,1
23/09/2025,09:59:08,20250923 87-35 Reprint,Test1,62000,SHA-256,Test1.steps.tracking.csv,05152C9615504B914B7985B8542C90EECF258ABC27377BA5F2DEFF5EA1F79873
23/09/2025,09:59:08,20250923 87-35 Reprint,Test1,62000,SHA-256,Test1.steps.trends.csv,9E65A0DCE3316C533424E469539E1FD7C28EAA19D59EA38AA6F1B872CB080BFF
23/09/2025,09:59:08,20250923 87-35 Reprint,Test1,62000,SHA-256,Test1.Stop.csv,F7591DDA8321029A3BC201D1AFCAFBD55469E9E8F9A16B51148A8272C7BBC243
23/09/2025,09:59:08,20250923 87-35 Reprint,Test1,60112,Test Finished
23/09/2025,09:59:12,20250923 87-35 Reprint,Test2,60103,Closed
