15/09/2025,10:58:54,20250915 95-35,,60101,Log File Created
15/09/2025,10:58:54,20250915 95-35,,60104,Software Version,2.1.20079.01
15/09/2025,10:58:54,20250915 95-35,,60105,Console Version,10.2.20286.1
15/09/2025,10:58:54,20250915 95-35,,60106,Controller Version,24.00.20200916
15/09/2025,10:58:54,20250915 95-35,,60107,User Name,Canterbury
15/09/2025,10:58:54,20250915 95-35,,60108,Computer Name,DESKTOP-FOFC6BR
15/09/2025,10:58:54,20250915 95-35,,60109,System Name,
15/09/2025,10:58:54,20250915 95-35,,60110,Frame Serial Number (System ID),E3BMTB23326
15/09/2025,10:59:46,20250915 95-35,Test1,880014,Device is not at full (high) power
15/09/2025,10:59:46,20250915 95-35,Test1,880014,Device is not at full (high) power
15/09/2025,10:59:46,20250915 95-35,Test1,8802909,Linear is not in Computer Control
15/09/2025,10:59:46,20250915 95-35,Test1,8802909,Rotary is not in Computer Control
15/09/2025,10:59:51,20250915 95-35,Test1,60110,Test Started
15/09/2025,10:59:51,20250915 95-35,Test1,60300,Tuning Settings (Linear) - Load String Stiffness(N/mm) = 300.163
15/09/2025,10:59:51,20250915 95-35,Test1,60300,Tuning Settings (Linear:Position) - Stiffness Based Tuning state = FixedTuning  
15/09/2025,10:59:51,20250915 95-35,Test1,60300,Tuning Settings (Linear:Load) - Stiffness Based Tuning state = AutoTuned  : Optimized Gain(dB) = 0.0 
15/09/2025,10:59:51,20250915 95-35,Test1,60300,Tuning Settings (Linear:Digital Position) - Stiffness Based Tuning state = AutoTuned  : Optimized Gain(dB) = 0.0 
15/09/2025,11:16:50,20250915 95-35,Test1,60205,Test Status,Test Ended by User
15/09/2025,11:16:50,20250915 95-35,Test1,60120,Total Time,1017.855
15/09/2025,11:16:50,20250915 95-35,Test1,60121,Total Cycle Count(Linear Waveform),1000
15/09/2025,11:16:50,20250915 95-35,Test1,60122,Step,4,Step 4
15/09/2025,11:16:50,20250915 95-35,Test1,60123,Loop 1,1
15/09/2025,11:16:50,20250915 95-35,Test1,62000,SHA-256,Test1.steps.tracking.csv,9D18B03DD2795F3C082D2044FAE39DBBC896023FAC2F6A375FC2E756E33F62C3
15/09/2025,11:16:50,20250915 95-35,Test1,62000,SHA-256,Test1.steps.trends.csv,4AE9898573BC27711D0A60F3630B9B92C7DDC0A1E40DC695086BD9DA52659922
15/09/2025,11:16:50,20250915 95-35,Test1,62000,SHA-256,Test1.Stop.csv,D42C16F8DF84F2B139E46BCB4CC47912C00251BCF01C88B8CCF389D10C606E17
15/09/2025,11:16:50,20250915 95-35,Test1,60112,Test Finished
15/09/2025,11:16:55,20250915 95-35,Test2,60103,Closed
