15/09/2025,11:17:18,20250915 95-20,,60101,Log File Created
15/09/2025,11:17:18,20250915 95-20,,60104,Software Version,2.1.20079.01
15/09/2025,11:17:18,20250915 95-20,,60105,Console Version,10.2.20286.1
15/09/2025,11:17:18,20250915 95-20,,60106,Controller Version,24.00.20200916
15/09/2025,11:17:18,20250915 95-20,,60107,User Name,Canterbury
15/09/2025,11:17:18,20250915 95-20,,60108,Computer Name,DESKTOP-FOFC6BR
15/09/2025,11:17:18,20250915 95-20,,60109,System Name,
15/09/2025,11:17:18,20250915 95-20,,60110,Frame Serial Number (System ID),E3BMTB23326
15/09/2025,11:20:00,20250915 95-20,Test1,60110,Test Started
15/09/2025,11:20:00,20250915 95-20,Test1,60300,Tuning Settings (Linear) - Load String Stiffness(N/mm) = 83.23
15/09/2025,11:20:00,20250915 95-20,Test1,60300,Tuning Settings (Linear:Position) - Stiffness Based Tuning state = FixedTuning  
15/09/2025,11:20:00,20250915 95-20,Test1,60300,Tuning Settings (Linear:Load) - Stiffness Based Tuning state = AutoTuned  : Optimized Gain(dB) = 0.0 
15/09/2025,11:20:00,20250915 95-20,Test1,60300,Tuning Settings (Linear:Digital Position) - Stiffness Based Tuning state = AutoTuned  : Optimized Gain(dB) = 0.0 
15/09/2025,11:36:51,20250915 95-20,Test1,60205,Test Status,Test Ended by User
15/09/2025,11:36:51,20250915 95-20,Test1,60120,Total Time,1011.199
15/09/2025,11:36:51,20250915 95-20,Test1,60121,Total Cycle Count(Linear Waveform),1000
15/09/2025,11:36:51,20250915 95-20,Test1,60122,Step,4,Step 4
15/09/2025,11:36:51,20250915 95-20,Test1,60123,Loop 1,1
15/09/2025,11:36:51,20250915 95-20,Test1,62000,SHA-256,Test1.steps.tracking.csv,1AE5A0397D97D761F66AC4A8215061A52D7DE5A13071611635A4383222A2F91E
15/09/2025,11:36:51,20250915 95-20,Test1,62000,SHA-256,Test1.steps.trends.csv,8D3349BEF62783DAA55DD3043B980A16F783253CA251291F870E9F3419546B8E
15/09/2025,11:36:51,20250915 95-20,Test1,62000,SHA-256,Test1.Stop.csv,DD28066F50064BA3351E3814C67921DFB238D2A5E49241EB2B2B5A35A039F051
15/09/2025,11:36:51,20250915 95-20,Test1,60112,Test Finished
15/09/2025,11:36:54,20250915 95-20,Test2,60103,Closed
