30/09/2025,19:49:12,20250930 87-20 Reprint,,60101,Log File Created
30/09/2025,19:49:12,20250930 87-20 Reprint,,60104,Software Version,2.1.20079.01
30/09/2025,19:49:12,20250930 87-20 Reprint,,60105,Console Version,10.2.20286.1
30/09/2025,19:49:12,20250930 87-20 Reprint,,60106,Controller Version,24.00.20200916
30/09/2025,19:49:12,20250930 87-20 Reprint,,60107,User Name,Canterbury
30/09/2025,19:49:12,20250930 87-20 Reprint,,60108,Computer Name,DESKTOP-FOFC6BR
30/09/2025,19:49:12,20250930 87-20 Reprint,,60109,System Name,
30/09/2025,19:49:12,20250930 87-20 Reprint,,60110,Frame Serial Number (System ID),E3BMTB23326
30/09/2025,19:49:25,20250930 87-20 Reprint,Test1,60110,Test Started
30/09/2025,19:49:25,20250930 87-20 Reprint,Test1,60300,Tuning Settings (Linear) - Load String Stiffness(N/mm) = 33.126
30/09/2025,19:49:25,20250930 87-20 Reprint,Test1,60300,Tuning Settings (Linear:Position) - Stiffness Based Tuning state = FixedTuning  
30/09/2025,19:49:25,20250930 87-20 Reprint,Test1,60300,Tuning Settings (Linear:Load) - Stiffness Based Tuning state = AutoTuned  : Optimized Gain(dB) = 0.0 
30/09/2025,19:49:25,20250930 87-20 Reprint,Test1,60300,Tuning Settings (Linear:Digital Position) - Stiffness Based Tuning state = AutoTuned  : Optimized Gain(dB) = 0.0 
30/09/2025,20:06:12,20250930 87-20 Reprint,Test1,60205,Test Status,Test Ended by User
30/09/2025,20:06:12,20250930 87-20 Reprint,Test1,60120,Total Time,1006.847
30/09/2025,20:06:12,20250930 87-20 Reprint,Test1,60121,Total Cycle Count(Linear Waveform),1000
30/09/2025,20:06:12,20250930 87-20 Reprint,Test1,60122,Step,3,Step 3
30/09/2025,20:06:12,20250930 87-20 Reprint,Test1,60123,Loop 1,1
30/09/2025,20:06:12,20250930 87-20 Reprint,Test1,62000,SHA-256,Test1.steps.tracking.csv,E59225161C36CA4F1180B2D5C277955A9B30D9B1848CA49288AFC386E702B42B
30/09/2025,20:06:12,20250930 87-20 Reprint,Test1,62000,SHA-256,Test1.steps.trends.csv,39B9A96D71B190B96FE4123965079A3585E421D81EB882F98279DD261D3E8A71
30/09/2025,20:06:12,20250930 87-20 Reprint,Test1,62000,SHA-256,Test1.Stop.csv,953F0EB85DA86B26072A7CC216C727DF8D029EDFA07C6AB777CC2870AC0EFEE8
30/09/2025,20:06:12,20250930 87-20 Reprint,Test1,60112,Test Finished
30/09/2025,20:07:11,20250930 87-20 Reprint,Test2,60103,Closed
