29/09/2025,10:49:42,20250929 95-20 Reprint,,60101,Log File Created
29/09/2025,10:49:42,20250929 95-20 Reprint,,60104,Software Version,2.1.20079.01
29/09/2025,10:49:42,20250929 95-20 Reprint,,60105,Console Version,10.2.20286.1
29/09/2025,10:49:42,20250929 95-20 Reprint,,60106,Controller Version,24.00.20200916
29/09/2025,10:49:42,20250929 95-20 Reprint,,60107,User Name,Canterbury
29/09/2025,10:49:42,20250929 95-20 Reprint,,60108,Computer Name,DESKTOP-FOFC6BR
29/09/2025,10:49:42,20250929 95-20 Reprint,,60109,System Name,
29/09/2025,10:49:42,20250929 95-20 Reprint,,60110,Frame Serial Number (System ID),E3BMTB23326
29/09/2025,10:49:46,20250929 95-20 Reprint,Test1,60110,Test Started
29/09/2025,10:49:46,20250929 95-20 Reprint,Test1,60300,Tuning Settings (Linear) - Load String Stiffness(N/mm) = 80.875
29/09/2025,10:49:46,20250929 95-20 Reprint,Test1,60300,Tuning Settings (Linear:Position) - Stiffness Based Tuning state = FixedTuning  
29/09/2025,10:49:46,20250929 95-20 Reprint,Test1,60300,Tuning Settings (Linear:Load) - Stiffness Based Tuning state = AutoTuned  : Optimized Gain(dB) = 0.0 
29/09/2025,10:49:46,20250929 95-20 Reprint,Test1,60300,Tuning Settings (Linear:Digital Position) - Stiffness Based Tuning state = AutoTuned  : Optimized Gain(dB) = 0.0 
29/09/2025,11:06:41,20250929 95-20 Reprint,Test1,60205,Test Status,Test Ended by User
29/09/2025,11:06:41,20250929 95-20 Reprint,Test1,60120,Total Time,1014.527
29/09/2025,11:06:41,20250929 95-20 Reprint,Test1,60121,Total Cycle Count(Linear Waveform),1000
29/09/2025,11:06:41,20250929 95-20 Reprint,Test1,60122,Step,4,Step 4
29/09/2025,11:06:41,20250929 95-20 Reprint,Test1,60123,Loop 1,1
29/09/2025,11:06:41,20250929 95-20 Reprint,Test1,62000,SHA-256,Test1.steps.tracking.csv,223A315084F5683A18014A8391361FBA90B5FA02FB86C6268848D94A995EB7FD
29/09/2025,11:06:41,20250929 95-20 Reprint,Test1,62000,SHA-256,Test1.steps.trends.csv,9E89A0EAB93F1D09DDFC4D1ECD77648F758186DF7DB64F26948BA4FC0CF7F237
29/09/2025,11:06:41,20250929 95-20 Reprint,Test1,62000,SHA-256,Test1.Stop.csv,76159DA85A51342BC9F7B3EB70CC43057F1DA4858DB444C171294AA4FAAFF3CE
29/09/2025,11:06:41,20250929 95-20 Reprint,Test1,60112,Test Finished
29/09/2025,11:06:43,20250929 95-20 Reprint,Test2,60103,Closed
