09/09/2025,13:27:35,20250909 87-20 REPRINT,,60101,Log File Created
09/09/2025,13:27:35,20250909 87-20 REPRINT,,60104,Software Version,2.1.20079.01
09/09/2025,13:27:35,20250909 87-20 REPRINT,,60105,Console Version,10.2.20286.1
09/09/2025,13:27:35,20250909 87-20 REPRINT,,60106,Controller Version,24.00.20200916
09/09/2025,13:27:35,20250909 87-20 REPRINT,,60107,User Name,Canterbury
09/09/2025,13:27:35,20250909 87-20 REPRINT,,60108,Computer Name,DESKTOP-FOFC6BR
09/09/2025,13:27:35,20250909 87-20 REPRINT,,60109,System Name,
09/09/2025,13:27:35,20250909 87-20 REPRINT,,60110,Frame Serial Number (System ID),E3BMTB23326
09/09/2025,13:27:43,20250909 87-20 REPRINT,Test1,60110,Test Started
09/09/2025,13:27:43,20250909 87-20 REPRINT,Test1,60300,Tuning Settings (Linear) - Load String Stiffness(N/mm) = 31.395
09/09/2025,13:27:43,20250909 87-20 REPRINT,Test1,60300,Tuning Settings (Linear:Position) - Stiffness Based Tuning state = FixedTuning  
09/09/2025,13:27:43,20250909 87-20 REPRINT,Test1,60300,Tuning Settings (Linear:Load) - Stiffness Based Tuning state = AutoTuned  : Optimized Gain(dB) = 0.0 
09/09/2025,13:27:43,20250909 87-20 REPRINT,Test1,60300,Tuning Settings (Linear:Digital Position) - Stiffness Based Tuning state = AutoTuned  : Optimized Gain(dB) = 0.0 
09/09/2025,13:44:36,20250909 87-20 REPRINT,Test1,60205,Test Status,Test Ended by User
09/09/2025,13:44:36,20250909 87-20 REPRINT,Test1,60120,Total Time,1012.922
09/09/2025,13:44:36,20250909 87-20 REPRINT,Test1,60121,Total Cycle Count(Linear Waveform),1000
09/09/2025,13:44:36,20250909 87-20 REPRINT,Test1,60122,Step,4,Step 4
09/09/2025,13:44:36,20250909 87-20 REPRINT,Test1,60123,Loop 1,1
09/09/2025,13:44:36,20250909 87-20 REPRINT,Test1,62000,SHA-256,Test1.steps.tracking.csv,6F4E4D32CBAFF0DE5714808ADF8A61EB5A77A911F38DC742D171856CAAD27D62
09/09/2025,13:44:36,20250909 87-20 REPRINT,Test1,62000,SHA-256,Test1.steps.trends.csv,0B84703D43F73BF9F7A51754CB5FC11A7817C6101CE25C4A8C7E5483782691A5
09/09/2025,13:44:36,20250909 87-20 REPRINT,Test1,62000,SHA-256,Test1.Stop.csv,07A46DB0084E9D28755CF91381F3A68FAE00481703FB752C672FEDE8FA965A7D
09/09/2025,13:44:36,20250909 87-20 REPRINT,Test1,60112,Test Finished
09/09/2025,13:44:38,20250909 87-20 REPRINT,Test2,60103,Closed
