09/09/2025,12:39:08,20250909 87-50 REPRINT,,60101,Log File Created
09/09/2025,12:39:08,20250909 87-50 REPRINT,,60104,Software Version,2.1.20079.01
09/09/2025,12:39:08,20250909 87-50 REPRINT,,60105,Console Version,10.2.20286.1
09/09/2025,12:39:08,20250909 87-50 REPRINT,,60106,Controller Version,24.00.20200916
09/09/2025,12:39:08,20250909 87-50 REPRINT,,60107,User Name,Canterbury
09/09/2025,12:39:08,20250909 87-50 REPRINT,,60108,Computer Name,DESKTOP-FOFC6BR
09/09/2025,12:39:08,20250909 87-50 REPRINT,,60109,System Name,
09/09/2025,12:39:08,20250909 87-50 REPRINT,,60110,Frame Serial Number (System ID),E3BMTB23326
09/09/2025,12:39:18,20250909 87-50 REPRINT,Test1,60110,Test Started
09/09/2025,12:39:18,20250909 87-50 REPRINT,Test1,60300,Tuning Settings (Linear) - Load String Stiffness(N/mm) = 272.518
09/09/2025,12:39:18,20250909 87-50 REPRINT,Test1,60300,Tuning Settings (Linear:Position) - Stiffness Based Tuning state = FixedTuning  
09/09/2025,12:39:18,20250909 87-50 REPRINT,Test1,60300,Tuning Settings (Linear:Load) - Stiffness Based Tuning state = AutoTuned  : Optimized Gain(dB) = 0.0 
09/09/2025,12:39:18,20250909 87-50 REPRINT,Test1,60300,Tuning Settings (Linear:Digital Position) - Stiffness Based Tuning state = AutoTuned  : Optimized Gain(dB) = 0.0 
09/09/2025,12:56:15,20250909 87-50 REPRINT,Test1,60205,Test Status,Test Ended by User
09/09/2025,12:56:15,20250909 87-50 REPRINT,Test1,60120,Total Time,1016.575
09/09/2025,12:56:15,20250909 87-50 REPRINT,Test1,60121,Total Cycle Count(Linear Waveform),1000
09/09/2025,12:56:15,20250909 87-50 REPRINT,Test1,60122,Step,4,Step 4
09/09/2025,12:56:15,20250909 87-50 REPRINT,Test1,60123,Loop 1,1
09/09/2025,12:56:15,20250909 87-50 REPRINT,Test1,62000,SHA-256,Test1.steps.tracking.csv,E375AB07CB8E1D7FF8CE792B08C25B0433E9282EA58AE3289AD3142BAA6D3EB5
09/09/2025,12:56:15,20250909 87-50 REPRINT,Test1,62000,SHA-256,Test1.steps.trends.csv,0B1C4F850E5CC365A8C8280885A5DFA779475CF249F345C81402F63F522CDD3B
09/09/2025,12:56:15,20250909 87-50 REPRINT,Test1,62000,SHA-256,Test1.Stop.csv,0B5AB377F99D340BA255C36BD245C4BFFEC10EC1E1342745C0EE936AF21020B9
09/09/2025,12:56:15,20250909 87-50 REPRINT,Test1,60112,Test Finished
09/09/2025,12:56:18,20250909 87-50 REPRINT,Test2,60103,Closed
