23/09/2025,09:22:23,20250923 87-50 Reprint,,60101,Log File Created
23/09/2025,09:22:23,20250923 87-50 Reprint,,60104,Software Version,2.1.20079.01
23/09/2025,09:22:23,20250923 87-50 Reprint,,60105,Console Version,10.2.20286.1
23/09/2025,09:22:23,20250923 87-50 Reprint,,60106,Controller Version,24.00.20200916
23/09/2025,09:22:23,20250923 87-50 Reprint,,60107,User Name,Canterbury
23/09/2025,09:22:23,20250923 87-50 Reprint,,60108,Computer Name,DESKTOP-FOFC6BR
23/09/2025,09:22:23,20250923 87-50 Reprint,,60109,System Name,
23/09/2025,09:22:23,20250923 87-50 Reprint,,60110,Frame Serial Number (System ID),E3BMTB23326
23/09/2025,09:22:35,20250923 87-50 Reprint,Test1,60110,Test Started
23/09/2025,09:22:35,20250923 87-50 Reprint,Test1,60300,Tuning Settings (Linear) - Load String Stiffness(N/mm) = 283.536
23/09/2025,09:22:35,20250923 87-50 Reprint,Test1,60300,Tuning Settings (Linear:Position) - Stiffness Based Tuning state = FixedTuning  
23/09/2025,09:22:35,20250923 87-50 Reprint,Test1,60300,Tuning Settings (Linear:Load) - Stiffness Based Tuning state = AutoTuned  : Optimized Gain(dB) = 0.0 
23/09/2025,09:22:35,20250923 87-50 Reprint,Test1,60300,Tuning Settings (Linear:Digital Position) - Stiffness Based Tuning state = AutoTuned  : Optimized Gain(dB) = 0.0 
23/09/2025,09:39:28,20250923 87-50 Reprint,Test1,60205,Test Status,Test Ended by User
23/09/2025,09:39:28,20250923 87-50 Reprint,Test1,60120,Total Time,1012.479
23/09/2025,09:39:28,20250923 87-50 Reprint,Test1,60121,Total Cycle Count(Linear Waveform),1000
23/09/2025,09:39:28,20250923 87-50 Reprint,Test1,60122,Step,4,Step 4
23/09/2025,09:39:28,20250923 87-50 Reprint,Test1,60123,Loop 1,1
23/09/2025,09:39:28,20250923 87-50 Reprint,Test1,62000,SHA-256,Test1.steps.tracking.csv,967891058A933C379F1B83607E64073E82F6FEB51A0F896AD0459653E65BFD99
23/09/2025,09:39:28,20250923 87-50 Reprint,Test1,62000,SHA-256,Test1.steps.trends.csv,B3483782E666FC321F2474051937CA439EDF9B06732DC11B6DC1001BF2FCDA06
23/09/2025,09:39:28,20250923 87-50 Reprint,Test1,62000,SHA-256,Test1.Stop.csv,A37F6CB015E8D67500A74A8722F752146334348D289E6B903F7D9959E9CB951E
23/09/2025,09:39:28,20250923 87-50 Reprint,Test1,60112,Test Finished
23/09/2025,09:39:31,20250923 87-50 Reprint,Test2,60103,Closed
