12/09/2025,08:02:38,20250912 90-50,,60101,Log File Created
12/09/2025,08:02:38,20250912 90-50,,60104,Software Version,2.1.20079.01
12/09/2025,08:02:38,20250912 90-50,,60105,Console Version,10.2.20286.1
12/09/2025,08:02:38,20250912 90-50,,60106,Controller Version,24.00.20200916
12/09/2025,08:02:38,20250912 90-50,,60107,User Name,Canterbury
12/09/2025,08:02:38,20250912 90-50,,60108,Computer Name,DESKTOP-FOFC6BR
12/09/2025,08:02:38,20250912 90-50,,60109,System Name,
12/09/2025,08:02:38,20250912 90-50,,60110,Frame Serial Number (System ID),E3BMTB23326
12/09/2025,08:04:33,20250912 90-50,Test1,60110,Test Started
12/09/2025,08:04:33,20250912 90-50,Test1,60300,Tuning Settings (Linear) - Load String Stiffness(N/mm) = 379.489
12/09/2025,08:04:33,20250912 90-50,Test1,60300,Tuning Settings (Linear:Position) - Stiffness Based Tuning state = FixedTuning  
12/09/2025,08:04:33,20250912 90-50,Test1,60300,Tuning Settings (Linear:Load) - Stiffness Based Tuning state = AutoTuned  : Optimized Gain(dB) = 0.0 
12/09/2025,08:04:33,20250912 90-50,Test1,60300,Tuning Settings (Linear:Digital Position) - Stiffness Based Tuning state = AutoTuned  : Optimized Gain(dB) = 0.0 
12/09/2025,08:21:29,20250912 90-50,Test1,60205,Test Status,Test Ended by User
12/09/2025,08:21:29,20250912 90-50,Test1,60120,Total Time,1016
12/09/2025,08:21:29,20250912 90-50,Test1,60121,Total Cycle Count(Linear Waveform),1000
12/09/2025,08:21:29,20250912 90-50,Test1,60122,Step,4,Step 4
12/09/2025,08:21:29,20250912 90-50,Test1,60123,Loop 1,1
12/09/2025,08:21:29,20250912 90-50,Test1,62000,SHA-256,Test1.steps.tracking.csv,6C84D961C2E52E10D516D8FCAA01CCCEBCCFD7E86BAF1D0494E8E087538FC992
12/09/2025,08:21:29,20250912 90-50,Test1,62000,SHA-256,Test1.steps.trends.csv,9DF4D8EBD770657D0BE352862E8B40F00178F073CDB30877234FE4822690345B
12/09/2025,08:21:29,20250912 90-50,Test1,62000,SHA-256,Test1.Stop.csv,2F100EB02D37F16265DB1800699000212858E620DCA61047599B45904DC55B00
12/09/2025,08:21:29,20250912 90-50,Test1,60112,Test Finished
12/09/2025,08:21:34,20250912 90-50,Test2,60103,Closed
