26/09/2025,16:27:34,20250926 90-50 Reprint,,60101,Log File Created
26/09/2025,16:27:34,20250926 90-50 Reprint,,60104,Software Version,2.1.20079.01
26/09/2025,16:27:34,20250926 90-50 Reprint,,60105,Console Version,10.2.20286.1
26/09/2025,16:27:34,20250926 90-50 Reprint,,60106,Controller Version,24.00.20200916
26/09/2025,16:27:34,20250926 90-50 Reprint,,60107,User Name,Canterbury
26/09/2025,16:27:34,20250926 90-50 Reprint,,60108,Computer Name,DESKTOP-FOFC6BR
26/09/2025,16:27:34,20250926 90-50 Reprint,,60109,System Name,
26/09/2025,16:27:34,20250926 90-50 Reprint,,60110,Frame Serial Number (System ID),E3BMTB23326
26/09/2025,16:27:40,20250926 90-50 Reprint,Test1,60110,Test Started
26/09/2025,16:27:40,20250926 90-50 Reprint,Test1,60300,Tuning Settings (Linear) - Load String Stiffness(N/mm) = 373.642
26/09/2025,16:27:40,20250926 90-50 Reprint,Test1,60300,Tuning Settings (Linear:Position) - Stiffness Based Tuning state = FixedTuning  
26/09/2025,16:27:40,20250926 90-50 Reprint,Test1,60300,Tuning Settings (Linear:Load) - Stiffness Based Tuning state = AutoTuned  : Optimized Gain(dB) = 0.0 
26/09/2025,16:27:40,20250926 90-50 Reprint,Test1,60300,Tuning Settings (Linear:Digital Position) - Stiffness Based Tuning state = AutoTuned  : Optimized Gain(dB) = 0.0 
26/09/2025,16:44:27,20250926 90-50 Reprint,Test1,60205,Test Status,Test Ended by User
26/09/2025,16:44:27,20250926 90-50 Reprint,Test1,60120,Total Time,1006.847
26/09/2025,16:44:27,20250926 90-50 Reprint,Test1,60121,Total Cycle Count(Linear Waveform),1000
26/09/2025,16:44:27,20250926 90-50 Reprint,Test1,60122,Step,4,Step 4
26/09/2025,16:44:27,20250926 90-50 Reprint,Test1,60123,Loop 1,1
26/09/2025,16:44:27,20250926 90-50 Reprint,Test1,62000,SHA-256,Test1.steps.tracking.csv,2B5C4F82C671E35B151D886CB98692BC4B1BBB0483D68FE013B122C73028D121
26/09/2025,16:44:27,20250926 90-50 Reprint,Test1,62000,SHA-256,Test1.steps.trends.csv,6AF5882BB56F655D94AA83DB5D51FFB8B46E5E49FE8FE56636AEC06E8DB3839A
26/09/2025,16:44:27,20250926 90-50 Reprint,Test1,62000,SHA-256,Test1.Stop.csv,C0D938DC76C9E4B0689204E617D2B42B6248214AFE235FDE2469540C69014352
26/09/2025,16:44:27,20250926 90-50 Reprint,Test1,60112,Test Finished
26/09/2025,16:44:45,20250926 90-50 Reprint,Test2,60103,Closed
