12/09/2025,08:25:09,20250912 90-35,,60101,Log File Created
12/09/2025,08:25:09,20250912 90-35,,60104,Software Version,2.1.20079.01
12/09/2025,08:25:09,20250912 90-35,,60105,Console Version,10.2.20286.1
12/09/2025,08:25:09,20250912 90-35,,60106,Controller Version,24.00.20200916
12/09/2025,08:25:09,20250912 90-35,,60107,User Name,Canterbury
12/09/2025,08:25:09,20250912 90-35,,60108,Computer Name,DESKTOP-FOFC6BR
12/09/2025,08:25:09,20250912 90-35,,60109,System Name,
12/09/2025,08:25:09,20250912 90-35,,60110,Frame Serial Number (System ID),E3BMTB23326
12/09/2025,08:25:22,20250912 90-35,Test1,60110,Test Started
12/09/2025,08:25:22,20250912 90-35,Test1,60300,Tuning Settings (Linear) - Load String Stiffness(N/mm) = 157.732
12/09/2025,08:25:22,20250912 90-35,Test1,60300,Tuning Settings (Linear:Position) - Stiffness Based Tuning state = FixedTuning  
12/09/2025,08:25:22,20250912 90-35,Test1,60300,Tuning Settings (Linear:Load) - Stiffness Based Tuning state = AutoTuned  : Optimized Gain(dB) = 0.0 
12/09/2025,08:25:22,20250912 90-35,Test1,60300,Tuning Settings (Linear:Digital Position) - Stiffness Based Tuning state = AutoTuned  : Optimized Gain(dB) = 0.0 
12/09/2025,08:42:19,20250912 90-35,Test1,60205,Test Status,Test Ended by User
12/09/2025,08:42:19,20250912 90-35,Test1,60120,Total Time,1016.575
12/09/2025,08:42:19,20250912 90-35,Test1,60121,Total Cycle Count(Linear Waveform),1000
12/09/2025,08:42:19,20250912 90-35,Test1,60122,Step,4,Step 4
12/09/2025,08:42:19,20250912 90-35,Test1,60123,Loop 1,1
12/09/2025,08:42:19,20250912 90-35,Test1,62000,SHA-256,Test1.steps.tracking.csv,B933047DB6A409E7AD9F38556D8912C35A3CB471F6AD6680E8F2C5B6CFABFCD9
12/09/2025,08:42:19,20250912 90-35,Test1,62000,SHA-256,Test1.steps.trends.csv,EE297858C342A94B2A616244C9DB214C7DD231D6820924DAFEE9AE3762DBCCB6
12/09/2025,08:42:19,20250912 90-35,Test1,62000,SHA-256,Test1.Stop.csv,C1F7C6A700CCE25330824966D4F86257215BD8F0C7883B732C7BB0A7DA289EB7
12/09/2025,08:42:19,20250912 90-35,Test1,60112,Test Finished
12/09/2025,08:42:21,20250912 90-35,Test2,60103,Closed
