16/09/2025,07:17:56,20250916 87-35 Reprint1,,60101,Log File Created
16/09/2025,07:17:56,20250916 87-35 Reprint1,,60104,Software Version,2.1.20079.01
16/09/2025,07:17:56,20250916 87-35 Reprint1,,60105,Console Version,10.2.20286.1
16/09/2025,07:17:56,20250916 87-35 Reprint1,,60106,Controller Version,24.00.20200916
16/09/2025,07:17:56,20250916 87-35 Reprint1,,60107,User Name,Canterbury
16/09/2025,07:17:56,20250916 87-35 Reprint1,,60108,Computer Name,DESKTOP-FOFC6BR
16/09/2025,07:17:56,20250916 87-35 Reprint1,,60109,System Name,
16/09/2025,07:17:56,20250916 87-35 Reprint1,,60110,Frame Serial Number (System ID),E3BMTB23326
16/09/2025,07:18:04,20250916 87-35 Reprint1,Test1,60110,Test Started
16/09/2025,07:18:04,20250916 87-35 Reprint1,Test1,60300,Tuning Settings (Linear) - Load String Stiffness(N/mm) = 121.523
16/09/2025,07:18:04,20250916 87-35 Reprint1,Test1,60300,Tuning Settings (Linear:Position) - Stiffness Based Tuning state = FixedTuning  
16/09/2025,07:18:04,20250916 87-35 Reprint1,Test1,60300,Tuning Settings (Linear:Load) - Stiffness Based Tuning state = AutoTuned  : Optimized Gain(dB) = 0.0 
16/09/2025,07:18:04,20250916 87-35 Reprint1,Test1,60300,Tuning Settings (Linear:Digital Position) - Stiffness Based Tuning state = AutoTuned  : Optimized Gain(dB) = 0.0 
16/09/2025,07:35:03,20250916 87-35 Reprint1,Test1,60205,Test Status,Test Ended by User
16/09/2025,07:35:03,20250916 87-35 Reprint1,Test1,60120,Total Time,1018.799
16/09/2025,07:35:03,20250916 87-35 Reprint1,Test1,60121,Total Cycle Count(Linear Waveform),1000
16/09/2025,07:35:03,20250916 87-35 Reprint1,Test1,60122,Step,4,Step 4
16/09/2025,07:35:03,20250916 87-35 Reprint1,Test1,60123,Loop 1,1
16/09/2025,07:35:03,20250916 87-35 Reprint1,Test1,62000,SHA-256,Test1.steps.tracking.csv,5DCDC565DEC2AF144DB6950781B520A431ADBC9A398D75FC5527081FE2483224
16/09/2025,07:35:03,20250916 87-35 Reprint1,Test1,62000,SHA-256,Test1.steps.trends.csv,CAB5C7BE55AE0DA15A60E54EC9CA9FC555C6F7F574E6B64F7E2452AC5E16E5F0
16/09/2025,07:35:03,20250916 87-35 Reprint1,Test1,62000,SHA-256,Test1.Stop.csv,9051DCC98E9C6E035CBC7194673BEC777EB3C51A5B7A6E4E0DB51A95DBC3F043
16/09/2025,07:35:03,20250916 87-35 Reprint1,Test1,60112,Test Finished
16/09/2025,07:35:05,20250916 87-35 Reprint1,Test2,60103,Closed
