26/09/2025,16:06:51,20250926 90-20,,60101,Log File Created
26/09/2025,16:06:51,20250926 90-20,,60104,Software Version,2.1.20079.01
26/09/2025,16:06:51,20250926 90-20,,60105,Console Version,10.2.20286.1
26/09/2025,16:06:51,20250926 90-20,,60106,Controller Version,24.00.20200916
26/09/2025,16:06:51,20250926 90-20,,60107,User Name,Canterbury
26/09/2025,16:06:51,20250926 90-20,,60108,Computer Name,DESKTOP-FOFC6BR
26/09/2025,16:06:51,20250926 90-20,,60109,System Name,
26/09/2025,16:06:51,20250926 90-20,,60110,Frame Serial Number (System ID),E3BMTB23326
26/09/2025,16:06:56,20250926 90-20,Test1,60110,Test Started
26/09/2025,16:06:56,20250926 90-20,Test1,60300,Tuning Settings (Linear) - Load String Stiffness(N/mm) = 42.265
26/09/2025,16:06:56,20250926 90-20,Test1,60300,Tuning Settings (Linear:Position) - Stiffness Based Tuning state = FixedTuning  
26/09/2025,16:06:56,20250926 90-20,Test1,60300,Tuning Settings (Linear:Load) - Stiffness Based Tuning state = AutoTuned  : Optimized Gain(dB) = 0.0 
26/09/2025,16:06:56,20250926 90-20,Test1,60300,Tuning Settings (Linear:Digital Position) - Stiffness Based Tuning state = AutoTuned  : Optimized Gain(dB) = 0.0 
26/09/2025,16:23:52,20250926 90-20,Test1,60205,Test Status,Test Ended by User
26/09/2025,16:23:52,20250926 90-20,Test1,60120,Total Time,1015.295
26/09/2025,16:23:52,20250926 90-20,Test1,60121,Total Cycle Count(Linear Waveform),1000
26/09/2025,16:23:52,20250926 90-20,Test1,60122,Step,4,Step 4
26/09/2025,16:23:52,20250926 90-20,Test1,60123,Loop 1,1
26/09/2025,16:23:52,20250926 90-20,Test1,62000,SHA-256,Test1.steps.tracking.csv,A3DA3C5B03849940897B1BBC5922EF0A28B68F9C65035860B6EF4D01AD2AFD8A
26/09/2025,16:23:52,20250926 90-20,Test1,62000,SHA-256,Test1.steps.trends.csv,000280BF2EB5CFD3A08A67267CA861DBD94F6C6F7BF0CE195C53EDBB25AADC4B
26/09/2025,16:23:52,20250926 90-20,Test1,62000,SHA-256,Test1.Stop.csv,536B5A23B803E1F21F0290C7DE5BB88609DB6099D795DF1DE7DB2B0F3B27507D
26/09/2025,16:23:52,20250926 90-20,Test1,60112,Test Finished
26/09/2025,16:24:05,20250926 90-20,Test2,60103,Closed
