29/09/2025,10:30:57,20250929 95-35 Reprint,,60101,Log File Created
29/09/2025,10:30:57,20250929 95-35 Reprint,,60104,Software Version,2.1.20079.01
29/09/2025,10:30:57,20250929 95-35 Reprint,,60105,Console Version,10.2.20286.1
29/09/2025,10:30:57,20250929 95-35 Reprint,,60106,Controller Version,24.00.20200916
29/09/2025,10:30:57,20250929 95-35 Reprint,,60107,User Name,Canterbury
29/09/2025,10:30:57,20250929 95-35 Reprint,,60108,Computer Name,DESKTOP-FOFC6BR
29/09/2025,10:30:57,20250929 95-35 Reprint,,60109,System Name,
29/09/2025,10:30:57,20250929 95-35 Reprint,,60110,Frame Serial Number (System ID),E3BMTB23326
29/09/2025,10:31:13,20250929 95-35 Reprint,Test1,60110,Test Started
29/09/2025,10:31:13,20250929 95-35 Reprint,Test1,60300,Tuning Settings (Linear) - Load String Stiffness(N/mm) = 294.832
29/09/2025,10:31:13,20250929 95-35 Reprint,Test1,60300,Tuning Settings (Linear:Position) - Stiffness Based Tuning state = FixedTuning  
29/09/2025,10:31:13,20250929 95-35 Reprint,Test1,60300,Tuning Settings (Linear:Load) - Stiffness Based Tuning state = AutoTuned  : Optimized Gain(dB) = 0.0 
29/09/2025,10:31:13,20250929 95-35 Reprint,Test1,60300,Tuning Settings (Linear:Digital Position) - Stiffness Based Tuning state = AutoTuned  : Optimized Gain(dB) = 0.0 
29/09/2025,10:48:02,20250929 95-35 Reprint,Test1,60205,Test Status,Test Ended by User
29/09/2025,10:48:02,20250929 95-35 Reprint,Test1,60120,Total Time,1009.151
29/09/2025,10:48:02,20250929 95-35 Reprint,Test1,60121,Total Cycle Count(Linear Waveform),1000
29/09/2025,10:48:02,20250929 95-35 Reprint,Test1,60122,Step,4,Step 4
29/09/2025,10:48:02,20250929 95-35 Reprint,Test1,60123,Loop 1,1
29/09/2025,10:48:02,20250929 95-35 Reprint,Test1,62000,SHA-256,Test1.steps.tracking.csv,BA1536D57CF1B8EFE336BC3AE885987907C675E99171699E14F0D27D680DBB7C
29/09/2025,10:48:02,20250929 95-35 Reprint,Test1,62000,SHA-256,Test1.steps.trends.csv,0700D4524DDE3ACB00EB16575F4187AC30E781810D684D0FEC51411E820C05D5
29/09/2025,10:48:02,20250929 95-35 Reprint,Test1,62000,SHA-256,Test1.Stop.csv,D3BB6E268850BEDA743F8E4EB1D9E0B3ACC09E8187BFC2805835E8915A09AC89
29/09/2025,10:48:02,20250929 95-35 Reprint,Test1,60112,Test Finished
29/09/2025,10:48:11,20250929 95-35 Reprint,Test2,60103,Closed
