05/09/2025,09:54:02,20250905 87-20 3DEA,,60101,Log File Created
05/09/2025,09:54:02,20250905 87-20 3DEA,,60104,Software Version,2.1.20079.01
05/09/2025,09:54:02,20250905 87-20 3DEA,,60105,Console Version,10.2.20286.1
05/09/2025,09:54:02,20250905 87-20 3DEA,,60106,Controller Version,24.00.20200916
05/09/2025,09:54:02,20250905 87-20 3DEA,,60107,User Name,Canterbury
05/09/2025,09:54:02,20250905 87-20 3DEA,,60108,Computer Name,DESKTOP-FOFC6BR
05/09/2025,09:54:02,20250905 87-20 3DEA,,60109,System Name,
05/09/2025,09:54:02,20250905 87-20 3DEA,,60110,Frame Serial Number (System ID),E3BMTB23326
05/09/2025,09:54:08,20250905 87-20 3DEA,Test1,60110,Test Started
05/09/2025,09:54:08,20250905 87-20 3DEA,Test1,60300,Tuning Settings (Linear) - Load String Stiffness(N/mm) = 30.526
05/09/2025,09:54:08,20250905 87-20 3DEA,Test1,60300,Tuning Settings (Linear:Position) - Stiffness Based Tuning state = FixedTuning  
05/09/2025,09:54:08,20250905 87-20 3DEA,Test1,60300,Tuning Settings (Linear:Load) - Stiffness Based Tuning state = AutoTuned  : Optimized Gain(dB) = 0.0 
05/09/2025,09:54:08,20250905 87-20 3DEA,Test1,60300,Tuning Settings (Linear:Digital Position) - Stiffness Based Tuning state = AutoTuned  : Optimized Gain(dB) = 0.0 
05/09/2025,10:11:03,20250905 87-20 3DEA,Test1,60205,Test Status,Test Ended by User
05/09/2025,10:11:03,20250905 87-20 3DEA,Test1,60120,Total Time,1014.783
05/09/2025,10:11:03,20250905 87-20 3DEA,Test1,60121,Total Cycle Count(Linear Waveform),1000
05/09/2025,10:11:03,20250905 87-20 3DEA,Test1,60122,Step,4,Step 4
05/09/2025,10:11:03,20250905 87-20 3DEA,Test1,60123,Loop 1,1
05/09/2025,10:11:03,20250905 87-20 3DEA,Test1,62000,SHA-256,Test1.steps.tracking.csv,F9B73E3258D89C86309A0D1230C5F93458FBAA300A8C500BBF74D50A41E5FE39
05/09/2025,10:11:03,20250905 87-20 3DEA,Test1,62000,SHA-256,Test1.steps.trends.csv,3CEC7303446A6D20B35B6D435E62151475E0825F24977DE4723BCDEF743B3896
05/09/2025,10:11:03,20250905 87-20 3DEA,Test1,62000,SHA-256,Test1.Stop.csv,545513406187156C29690CC9F36E2ADAE75DBE413137E1EC11CD0AEFD0BFA17A
05/09/2025,10:11:03,20250905 87-20 3DEA,Test1,60112,Test Finished
05/09/2025,10:11:09,20250905 87-20 3DEA,Test2,60103,Closed
