12/09/2025,09:28:19,20250912 90-50 REPRINT1,,60101,Log File Created
12/09/2025,09:28:19,20250912 90-50 REPRINT1,,60104,Software Version,2.1.20079.01
12/09/2025,09:28:19,20250912 90-50 REPRINT1,,60105,Console Version,10.2.20286.1
12/09/2025,09:28:19,20250912 90-50 REPRINT1,,60106,Controller Version,24.00.20200916
12/09/2025,09:28:19,20250912 90-50 REPRINT1,,60107,User Name,Canterbury
12/09/2025,09:28:19,20250912 90-50 REPRINT1,,60108,Computer Name,DESKTOP-FOFC6BR
12/09/2025,09:28:19,20250912 90-50 REPRINT1,,60109,System Name,
12/09/2025,09:28:19,20250912 90-50 REPRINT1,,60110,Frame Serial Number (System ID),E3BMTB23326
12/09/2025,09:37:48,20250912 90-50 REPRINT1,Test1,60110,Test Started
12/09/2025,09:37:48,20250912 90-50 REPRINT1,Test1,60300,Tuning Settings (Linear) - Load String Stiffness(N/mm) = 358.898
12/09/2025,09:37:48,20250912 90-50 REPRINT1,Test1,60300,Tuning Settings (Linear:Position) - Stiffness Based Tuning state = FixedTuning  
12/09/2025,09:37:48,20250912 90-50 REPRINT1,Test1,60300,Tuning Settings (Linear:Load) - Stiffness Based Tuning state = AutoTuned  : Optimized Gain(dB) = 0.0 
12/09/2025,09:37:48,20250912 90-50 REPRINT1,Test1,60300,Tuning Settings (Linear:Digital Position) - Stiffness Based Tuning state = AutoTuned  : Optimized Gain(dB) = 0.0 
12/09/2025,09:54:41,20250912 90-50 REPRINT1,Test1,60205,Test Status,Test Ended by User
12/09/2025,09:54:41,20250912 90-50 REPRINT1,Test1,60120,Total Time,1012.687
12/09/2025,09:54:41,20250912 90-50 REPRINT1,Test1,60121,Total Cycle Count(Linear Waveform),1000
12/09/2025,09:54:41,20250912 90-50 REPRINT1,Test1,60122,Step,4,Step 4
12/09/2025,09:54:41,20250912 90-50 REPRINT1,Test1,60123,Loop 1,1
12/09/2025,09:54:41,20250912 90-50 REPRINT1,Test1,62000,SHA-256,Test1.steps.tracking.csv,CA4344E037E76F9F0C4D503C9A0F458D7F2A138BE4D03BC8400DE0D322085594
12/09/2025,09:54:41,20250912 90-50 REPRINT1,Test1,62000,SHA-256,Test1.steps.trends.csv,92CE2766D5622EEA03318C851CA84AEC61050B84C1AE970FD8EEBB214F530C94
12/09/2025,09:54:41,20250912 90-50 REPRINT1,Test1,62000,SHA-256,Test1.Stop.csv,CE98C9DCF1DA132161597FEA40372A4585543B745D43E15436B138450A34BC89
12/09/2025,09:54:41,20250912 90-50 REPRINT1,Test1,60112,Test Finished
12/09/2025,10:07:13,20250912 90-50 REPRINT1,Test2,60103,Closed
