12/09/2025,08:45:04,20250912 90-20,,60101,Log File Created
12/09/2025,08:45:04,20250912 90-20,,60104,Software Version,2.1.20079.01
12/09/2025,08:45:04,20250912 90-20,,60105,Console Version,10.2.20286.1
12/09/2025,08:45:04,20250912 90-20,,60106,Controller Version,24.00.20200916
12/09/2025,08:45:04,20250912 90-20,,60107,User Name,Canterbury
12/09/2025,08:45:04,20250912 90-20,,60108,Computer Name,DESKTOP-FOFC6BR
12/09/2025,08:45:04,20250912 90-20,,60109,System Name,
12/09/2025,08:45:04,20250912 90-20,,60110,Frame Serial Number (System ID),E3BMTB23326
12/09/2025,08:45:11,20250912 90-20,Test1,60110,Test Started
12/09/2025,08:45:11,20250912 90-20,Test1,60300,Tuning Settings (Linear) - Load String Stiffness(N/mm) = 41.56
12/09/2025,08:45:11,20250912 90-20,Test1,60300,Tuning Settings (Linear:Position) - Stiffness Based Tuning state = FixedTuning  
12/09/2025,08:45:11,20250912 90-20,Test1,60300,Tuning Settings (Linear:Load) - Stiffness Based Tuning state = AutoTuned  : Optimized Gain(dB) = 0.0 
12/09/2025,08:45:11,20250912 90-20,Test1,60300,Tuning Settings (Linear:Digital Position) - Stiffness Based Tuning state = AutoTuned  : Optimized Gain(dB) = 0.0 
12/09/2025,09:02:04,20250912 90-20,Test1,60205,Test Status,Test Ended by User
12/09/2025,09:02:04,20250912 90-20,Test1,60120,Total Time,1012.964
12/09/2025,09:02:04,20250912 90-20,Test1,60121,Total Cycle Count(Linear Waveform),1000
12/09/2025,09:02:04,20250912 90-20,Test1,60122,Step,4,Step 4
12/09/2025,09:02:04,20250912 90-20,Test1,60123,Loop 1,1
12/09/2025,09:02:04,20250912 90-20,Test1,62000,SHA-256,Test1.steps.tracking.csv,EF835A09DDD9B384BBA590EE9985B8B3B7E553F198ED8BD8281EBE9C283A4582
12/09/2025,09:02:04,20250912 90-20,Test1,62000,SHA-256,Test1.steps.trends.csv,7BBC2C4D67330FF39742B688AD61411F07D89FAF5D22B357521D3801FAEED45C
12/09/2025,09:02:04,20250912 90-20,Test1,62000,SHA-256,Test1.Stop.csv,A8E2EF67E4A5866FB137FF16CBF201EB3FB377DBFD006FBBA9B4075B8FDFDB88
12/09/2025,09:02:04,20250912 90-20,Test1,60112,Test Finished
12/09/2025,09:02:06,20250912 90-20,Test2,60103,Closed
